2025-10-20 09:19:14,471 [INFO] Starting trading script...
2025-10-20 09:19:14,471 [INFO] Cleaning up old trades...
2025-10-20 09:19:14,471 [INFO] file filtered_stocks.csv deleted successfully
2025-10-20 09:19:14,471 [INFO] file filtered_stocks.json deleted successfully
2025-10-20 09:19:14,483 [INFO] file gapup_data.csv deleted successfully
2025-10-20 09:19:14,483 [INFO] file gapup_data.json does not exist
2025-10-20 09:19:14,485 [INFO] file trades.txt deleted successfully
2025-10-20 09:19:14,487 [INFO] file GapUp_stocks.json deleted successfully
2025-10-20 09:19:14,487 [INFO] Authenticating with Fyers to use its API...
2025-10-20 09:19:15,133 [INFO] Access token is not valid.
2025-10-20 09:19:16,202 [INFO] verify_client_id success
2025-10-20 09:19:16,219 [INFO] generate_totp success
2025-10-20 09:19:17,973 [INFO] verify_totp_result success
2025-10-20 09:19:19,991 [INFO] verify_pin_result success
2025-10-20 09:19:22,062 [INFO] token_result success
2025-10-20 09:19:23,680 [INFO] validate_authcode success
2025-10-20 09:19:23,694 [INFO] Authentication successful
2025-10-20 09:19:23,719 [INFO] Authentication is already done as access token is valid.
2025-10-20 09:19:23,719 [INFO] Sleeping for 3 sec to make sure ACCESS_TOKEN is properly fetched and picked up for WebSocket
2025-10-20 09:19:26,721 [INFO] Creating FyersModel instance with access token...
2025-10-20 09:19:26,721 [INFO] Authenticated Fyers instance created.
2025-10-20 09:19:26,721 [INFO] Fetching index symbols and running filtering stages...
2025-10-20 09:19:26,721 [INFO] Starting WebSocket to fetch gap-up stocks...
2025-10-20 09:19:27,672 [INFO] Loaded 499 symbols from Stock_list.xlsx.
2025-10-20 09:19:29,704 [INFO] WebSocket connection opened. Subscribing to data...
2025-10-20 09:19:29,929 [INFO] Websocket connected
2025-10-20 09:19:29,961 [INFO] Response: {'type': 'cn', 'code': 200, 'message': 'Authentication done', 's': 'ok'}
2025-10-20 09:19:30,707 [INFO] Response: {'type': 'ful', 'code': 200, 'message': 'Full Mode On', 's': 'ok'}
2025-10-20 09:19:31,137 [INFO] Response: {'type': 'sub', 'code': 200, 'message': 'Subscribed', 's': 'ok'}
2025-10-20 09:19:46,109 [INFO] Connection closed: {'code': 200, 'message': 'Connection Closed', 's': 'ok'}
2025-10-20 09:19:49,934 [INFO] Evaluating for gap-up stocks...
2025-10-20 09:19:49,945 [INFO] Gap-up stocks saved to gapup_data.csv with 6 entries.
2025-10-20 09:19:49,949 [INFO] Total gap-up stocks found: 6
2025-10-20 09:19:49,986 [INFO] Gap-up stocks loaded: 6
2025-10-20 09:19:53,274 [INFO] Symbol              Gap Up %    Avg Volume  Status
2025-10-20 09:19:53,280 [INFO] Excluded NSE:SOBHA-EQ | Volume: -1
2025-10-20 09:19:53,280 [INFO] Excluded NSE:CANFINHOME-EQ | Volume: -1
2025-10-20 09:19:53,280 [INFO] Excluded NSE:AUBANK-EQ | Volume: -1
2025-10-20 09:19:53,284 [INFO] Excluded NSE:ECLERX-EQ | Volume: -1
2025-10-20 09:19:53,285 [INFO] Excluded NSE:MAHSEAMLES-EQ | Volume: -1
2025-10-20 09:19:53,285 [INFO] Excluded NSE:CESC-EQ | Volume: -1
2025-10-20 09:19:53,292 [INFO] No stocks passed the volume filter. Retrying 1...
2025-10-20 09:20:01,471 [INFO] Starting trading script...
2025-10-20 09:20:01,471 [INFO] Cleaning up old trades...
2025-10-20 09:20:01,471 [INFO] file filtered_stocks.csv deleted successfully
2025-10-20 09:20:01,471 [INFO] file filtered_stocks.json does not exist
2025-10-20 09:20:01,471 [INFO] file gapup_data.csv deleted successfully
2025-10-20 09:20:01,471 [INFO] file gapup_data.json does not exist
2025-10-20 09:20:01,471 [INFO] file trades.txt deleted successfully
2025-10-20 09:20:01,471 [INFO] file GapUp_stocks.json deleted successfully
2025-10-20 09:20:01,471 [INFO] Authenticating with Fyers to use its API...
2025-10-20 09:20:01,985 [INFO] Access token is valid.
2025-10-20 09:20:01,986 [INFO] Authentication is already done as access token is valid.
2025-10-20 09:20:01,986 [INFO] Sleeping for 3 sec to make sure ACCESS_TOKEN is properly fetched and picked up for WebSocket
2025-10-20 09:20:04,986 [INFO] Creating FyersModel instance with access token...
2025-10-20 09:20:04,986 [INFO] Authenticated Fyers instance created.
2025-10-20 09:20:04,986 [INFO] Fetching index symbols and running filtering stages...
2025-10-20 09:20:04,989 [INFO] Starting WebSocket to fetch gap-up stocks...
2025-10-20 09:20:05,481 [INFO] Loaded 499 symbols from Stock_list.xlsx.
2025-10-20 09:20:06,118 [INFO] Websocket connected
2025-10-20 09:20:06,148 [INFO] Response: {'type': 'cn', 'code': 200, 'message': 'Authentication done', 's': 'ok'}
2025-10-20 09:20:07,415 [INFO] Response: {'type': 'ful', 'code': 200, 'message': 'Full Mode On', 's': 'ok'}
2025-10-20 09:20:07,489 [INFO] WebSocket connection opened. Subscribing to data...
2025-10-20 09:20:08,707 [INFO] Response: {'type': 'sub', 'code': 200, 'message': 'Subscribed', 's': 'ok'}
2025-10-20 09:20:23,684 [INFO] Connection closed: {'code': 200, 'message': 'Connection Closed', 's': 'ok'}
2025-10-20 09:20:26,130 [INFO] Evaluating for gap-up stocks...
2025-10-20 09:20:26,144 [INFO] Gap-up stocks saved to gapup_data.csv with 6 entries.
2025-10-20 09:20:26,157 [INFO] Total gap-up stocks found: 6
2025-10-20 09:20:26,171 [INFO] Gap-up stocks loaded: 6
2025-10-20 09:20:30,253 [INFO] Symbol              Gap Up %    Avg Volume  Status
2025-10-20 09:20:30,253 [INFO] Included NSE:SOBHA-EQ | Volume: 182050
2025-10-20 09:20:30,253 [INFO] Included NSE:CANFINHOME-EQ | Volume: 201651
2025-10-20 09:20:30,253 [INFO] Included NSE:AUBANK-EQ | Volume: 2481458
2025-10-20 09:20:30,253 [INFO] Included NSE:ECLERX-EQ | Volume: 128789
2025-10-20 09:20:30,253 [INFO] Included NSE:MAHSEAMLES-EQ | Volume: 175679
2025-10-20 09:20:30,253 [INFO] Included NSE:CESC-EQ | Volume: 2791918
2025-10-20 09:20:30,261 [INFO] Final filtered stocks after volume check: 6
2025-10-20 09:20:30,261 [INFO] Stocks to be traded: NSE:SOBHA-EQ, NSE:CANFINHOME-EQ, NSE:AUBANK-EQ, NSE:ECLERX-EQ, NSE:MAHSEAMLES-EQ, NSE:CESC-EQ
2025-10-20 09:20:30,266 [INFO] Filtered stocks saved to filtered_stocks.json.
2025-10-20 09:20:30,268 [INFO] Entering monitoring loop...
2025-10-20 09:20:30,272 [INFO] Heartbeat: Checking for trade setups at 2025-10-20 09:20:30
2025-10-20 09:20:30,274 [INFO] Applying trade logic to 6 stocks.
2025-10-20 09:20:30,276 [INFO] [Trade Candidate: NSE:SOBHA-EQ]
2025-10-20 09:20:30,972 [INFO] Executing trade for NSE:SOBHA-EQ: {'timestamp': '2025-10-20 09:20', 'action': 'SELL', 'entry_price': 1535.8, 'stop_loss': 1585, 'target': 1388.1999999999998}
2025-10-20 09:20:30,972 [INFO] Final SL: 15.36, Final Target: 1489.73
2025-10-20 09:20:30,972 [INFO] Calculated order quantity for NSE:SOBHA-EQ: 6 shares based on CAPITAL_PER_TRADE: 100 and stock price: 1535.8
2025-10-20 09:20:31,012 [INFO] Sending order request for NSE:SOBHA-EQ: {'symbol': 'NSE:SOBHA-EQ', 'qty': 6, 'type': 2, 'side': -1, 'productType': 'BO', 'limitPrice': 0, 'stopPrice': 0, 'validity': 'DAY', 'disclosedQty': 0, 'offlineOrder': False, 'stopLoss': 15.0, 'takeProfit': 46.0}
2025-10-20 09:20:31,707 [INFO] Received response for NSE:SOBHA-EQ: {'code': 1101, 'message': 'Successfully placed order', 's': 'ok', 'id': '25102000014363-BO-1'}
2025-10-20 09:20:31,709 [INFO] Order placed successfully: {'code': 1101, 'message': 'Successfully placed order', 's': 'ok', 'id': '25102000014363-BO-1'}
2025-10-20 09:20:31,720 [INFO] Trades taken today: 1
2025-10-20 09:20:31,720 [INFO] Remaining trades for the day: 6
2025-10-20 09:20:31,724 [INFO] [Trade Candidate: NSE:CANFINHOME-EQ]
2025-10-20 09:20:32,733 [INFO] [Trade Candidate: NSE:AUBANK-EQ]
2025-10-20 09:20:33,832 [INFO] [Trade Candidate: NSE:ECLERX-EQ]
2025-10-20 09:20:34,463 [INFO] [Trade Candidate: NSE:MAHSEAMLES-EQ]
2025-10-20 09:20:35,315 [INFO] [Trade Candidate: NSE:CESC-EQ]
2025-10-20 09:20:46,638 [INFO] Heartbeat: Checking for trade setups at 2025-10-20 09:20:46
2025-10-20 09:20:46,638 [INFO] Applying trade logic to 6 stocks.
2025-10-20 09:20:46,638 [INFO] [Trade Candidate: NSE:SOBHA-EQ]
2025-10-20 09:20:47,752 [INFO] [Trade Candidate: NSE:CANFINHOME-EQ]
2025-10-20 09:20:48,577 [INFO] [Trade Candidate: NSE:AUBANK-EQ]
2025-10-20 09:20:49,602 [INFO] [Trade Candidate: NSE:ECLERX-EQ]
2025-10-20 09:20:50,602 [INFO] [Trade Candidate: NSE:MAHSEAMLES-EQ]
2025-10-20 09:20:52,114 [INFO] [Trade Candidate: NSE:CESC-EQ]
2025-10-20 09:20:53,487 [INFO] Executing trade for NSE:CESC-EQ: {'timestamp': '2025-10-20 09:20', 'action': 'SELL', 'entry_price': 172.2, 'stop_loss': 175.8, 'target': 161.39999999999992}
2025-10-20 09:20:53,487 [INFO] Final SL: 1.72, Final Target: 167.03
2025-10-20 09:20:53,487 [INFO] Calculated order quantity for NSE:CESC-EQ: 58 shares based on CAPITAL_PER_TRADE: 100 and stock price: 172.2
2025-10-20 09:20:53,523 [INFO] Sending order request for NSE:CESC-EQ: {'symbol': 'NSE:CESC-EQ', 'qty': 58, 'type': 2, 'side': -1, 'productType': 'BO', 'limitPrice': 0, 'stopPrice': 0, 'validity': 'DAY', 'disclosedQty': 0, 'offlineOrder': False, 'stopLoss': 2.0, 'takeProfit': 5.0}
2025-10-20 09:20:54,718 [INFO] Received response for NSE:CESC-EQ: {'code': 1101, 'message': 'Successfully placed order', 's': 'ok', 'id': '25102000014810-BO-1'}
2025-10-20 09:20:54,718 [INFO] Order placed successfully: {'code': 1101, 'message': 'Successfully placed order', 's': 'ok', 'id': '25102000014810-BO-1'}
2025-10-20 09:20:54,718 [INFO] Trades taken today: 2
2025-10-20 09:20:54,718 [INFO] Remaining trades for the day: 5
2025-10-20 09:21:04,724 [INFO] Heartbeat: Checking for trade setups at 2025-10-20 09:21:04
2025-10-20 09:21:04,724 [INFO] Applying trade logic to 6 stocks.
2025-10-20 09:21:04,724 [INFO] [Trade Candidate: NSE:SOBHA-EQ]
2025-10-20 09:21:05,511 [INFO] [Trade Candidate: NSE:CANFINHOME-EQ]
2025-10-20 09:21:06,394 [INFO] [Trade Candidate: NSE:AUBANK-EQ]
2025-10-20 09:21:06,840 [INFO] [Trade Candidate: NSE:ECLERX-EQ]
2025-10-20 09:21:07,317 [INFO] [Trade Candidate: NSE:MAHSEAMLES-EQ]
2025-10-20 09:21:07,965 [INFO] [Trade Candidate: NSE:CESC-EQ]
2025-10-20 09:21:18,853 [INFO] Heartbeat: Checking for trade setups at 2025-10-20 09:21:18
2025-10-20 09:21:18,853 [INFO] Applying trade logic to 6 stocks.
2025-10-20 09:21:18,853 [INFO] [Trade Candidate: NSE:SOBHA-EQ]
2025-10-20 09:21:19,601 [INFO] [Trade Candidate: NSE:CANFINHOME-EQ]
2025-10-20 09:21:20,213 [INFO] [Trade Candidate: NSE:AUBANK-EQ]
2025-10-20 09:21:20,941 [INFO] [Trade Candidate: NSE:ECLERX-EQ]
2025-10-20 09:21:21,653 [INFO] [Trade Candidate: NSE:MAHSEAMLES-EQ]
2025-10-20 09:21:22,369 [INFO] [Trade Candidate: NSE:CESC-EQ]
2025-10-20 09:21:33,047 [INFO] Heartbeat: Checking for trade setups at 2025-10-20 09:21:33
2025-10-20 09:21:33,047 [INFO] Applying trade logic to 6 stocks.
2025-10-20 09:21:33,047 [INFO] [Trade Candidate: NSE:SOBHA-EQ]
2025-10-20 09:21:33,947 [INFO] [Trade Candidate: NSE:CANFINHOME-EQ]
2025-10-20 09:21:34,663 [INFO] [Trade Candidate: NSE:AUBANK-EQ]
2025-10-20 09:21:35,283 [INFO] [Trade Candidate: NSE:ECLERX-EQ]
2025-10-20 09:21:36,128 [INFO] [Trade Candidate: NSE:MAHSEAMLES-EQ]
2025-10-20 09:21:37,107 [INFO] [Trade Candidate: NSE:CESC-EQ]
2025-10-20 09:21:47,831 [INFO] Heartbeat: Checking for trade setups at 2025-10-20 09:21:47
2025-10-20 09:21:47,831 [INFO] Applying trade logic to 6 stocks.
2025-10-20 09:21:47,831 [INFO] [Trade Candidate: NSE:SOBHA-EQ]
2025-10-20 09:21:48,897 [INFO] [Trade Candidate: NSE:CANFINHOME-EQ]
2025-10-20 09:21:49,497 [INFO] [Trade Candidate: NSE:AUBANK-EQ]
2025-10-20 09:21:50,130 [INFO] [Trade Candidate: NSE:ECLERX-EQ]
2025-10-20 09:21:51,242 [INFO] [Trade Candidate: NSE:MAHSEAMLES-EQ]
2025-10-20 09:21:52,163 [INFO] [Trade Candidate: NSE:CESC-EQ]
2025-10-20 09:22:02,787 [INFO] Heartbeat: Checking for trade setups at 2025-10-20 09:22:02
2025-10-20 09:22:02,787 [INFO] Applying trade logic to 6 stocks.
2025-10-20 09:22:02,787 [INFO] [Trade Candidate: NSE:SOBHA-EQ]
2025-10-20 09:22:03,677 [INFO] [Trade Candidate: NSE:CANFINHOME-EQ]
2025-10-20 09:22:04,681 [INFO] [Trade Candidate: NSE:AUBANK-EQ]
2025-10-20 09:22:05,420 [INFO] [Trade Candidate: NSE:ECLERX-EQ]
2025-10-20 09:22:06,405 [INFO] [Trade Candidate: NSE:MAHSEAMLES-EQ]
2025-10-20 09:22:07,889 [INFO] [Trade Candidate: NSE:CESC-EQ]
2025-10-20 09:22:19,737 [INFO] Heartbeat: Checking for trade setups at 2025-10-20 09:22:19
2025-10-20 09:22:19,737 [INFO] Applying trade logic to 6 stocks.
2025-10-20 09:22:19,737 [INFO] [Trade Candidate: NSE:SOBHA-EQ]
2025-10-20 09:22:20,553 [INFO] [Trade Candidate: NSE:CANFINHOME-EQ]
2025-10-20 09:22:21,151 [INFO] [Trade Candidate: NSE:AUBANK-EQ]
2025-10-20 09:22:21,768 [INFO] [Trade Candidate: NSE:ECLERX-EQ]
2025-10-20 09:22:22,374 [INFO] [Trade Candidate: NSE:MAHSEAMLES-EQ]
2025-10-20 09:22:22,985 [INFO] [Trade Candidate: NSE:CESC-EQ]
2025-10-20 09:22:33,607 [INFO] Heartbeat: Checking for trade setups at 2025-10-20 09:22:33
2025-10-20 09:22:33,607 [INFO] Applying trade logic to 6 stocks.
2025-10-20 09:22:33,607 [INFO] [Trade Candidate: NSE:SOBHA-EQ]
2025-10-20 09:22:34,190 [INFO] [Trade Candidate: NSE:CANFINHOME-EQ]
2025-10-20 09:22:35,687 [INFO] [Trade Candidate: NSE:AUBANK-EQ]
2025-10-20 09:22:36,309 [INFO] [Trade Candidate: NSE:ECLERX-EQ]
2025-10-20 09:22:36,862 [INFO] [Trade Candidate: NSE:MAHSEAMLES-EQ]
2025-10-20 09:22:37,738 [INFO] [Trade Candidate: NSE:CESC-EQ]
2025-10-20 09:22:48,353 [INFO] Heartbeat: Checking for trade setups at 2025-10-20 09:22:48
2025-10-20 09:22:48,353 [INFO] Applying trade logic to 6 stocks.
2025-10-20 09:22:48,353 [INFO] [Trade Candidate: NSE:SOBHA-EQ]
2025-10-20 09:22:49,009 [INFO] [Trade Candidate: NSE:CANFINHOME-EQ]
2025-10-20 09:22:49,621 [INFO] [Trade Candidate: NSE:AUBANK-EQ]
2025-10-20 09:22:50,248 [INFO] [Trade Candidate: NSE:ECLERX-EQ]
2025-10-20 09:22:51,043 [INFO] [Trade Candidate: NSE:MAHSEAMLES-EQ]
2025-10-20 09:22:51,769 [INFO] [Trade Candidate: NSE:CESC-EQ]
2025-10-20 09:23:02,491 [INFO] Heartbeat: Checking for trade setups at 2025-10-20 09:23:02
2025-10-20 09:23:02,492 [INFO] Applying trade logic to 6 stocks.
2025-10-20 09:23:02,492 [INFO] [Trade Candidate: NSE:SOBHA-EQ]
2025-10-20 09:23:03,227 [INFO] [Trade Candidate: NSE:CANFINHOME-EQ]
2025-10-20 09:23:04,054 [INFO] [Trade Candidate: NSE:AUBANK-EQ]
2025-10-20 09:23:04,684 [INFO] [Trade Candidate: NSE:ECLERX-EQ]
2025-10-20 09:23:06,409 [INFO] [Trade Candidate: NSE:MAHSEAMLES-EQ]
2025-10-20 09:23:07,125 [INFO] [Trade Candidate: NSE:CESC-EQ]
2025-10-20 09:23:17,776 [INFO] Heartbeat: Checking for trade setups at 2025-10-20 09:23:17
2025-10-20 09:23:17,776 [INFO] Applying trade logic to 6 stocks.
2025-10-20 09:23:17,776 [INFO] [Trade Candidate: NSE:SOBHA-EQ]
2025-10-20 09:23:19,322 [INFO] [Trade Candidate: NSE:CANFINHOME-EQ]
2025-10-20 09:23:20,156 [INFO] [Trade Candidate: NSE:AUBANK-EQ]
2025-10-20 09:23:22,693 [INFO] [Trade Candidate: NSE:ECLERX-EQ]
2025-10-20 09:23:23,208 [INFO] [Trade Candidate: NSE:MAHSEAMLES-EQ]
2025-10-20 09:23:23,719 [INFO] [Trade Candidate: NSE:CESC-EQ]
2025-10-20 09:23:34,433 [INFO] Heartbeat: Checking for trade setups at 2025-10-20 09:23:34
2025-10-20 09:23:34,433 [INFO] Applying trade logic to 6 stocks.
2025-10-20 09:23:34,435 [INFO] [Trade Candidate: NSE:SOBHA-EQ]
2025-10-20 09:23:35,091 [INFO] [Trade Candidate: NSE:CANFINHOME-EQ]
2025-10-20 09:23:35,868 [INFO] [Trade Candidate: NSE:AUBANK-EQ]
2025-10-20 09:23:36,412 [INFO] [Trade Candidate: NSE:ECLERX-EQ]
2025-10-20 09:23:37,028 [INFO] [Trade Candidate: NSE:MAHSEAMLES-EQ]
2025-10-20 09:23:37,607 [INFO] [Trade Candidate: NSE:CESC-EQ]
2025-10-20 09:23:48,162 [INFO] Heartbeat: Checking for trade setups at 2025-10-20 09:23:48
2025-10-20 09:23:48,162 [INFO] Applying trade logic to 6 stocks.
2025-10-20 09:23:48,162 [INFO] [Trade Candidate: NSE:SOBHA-EQ]
2025-10-20 09:23:49,177 [INFO] [Trade Candidate: NSE:CANFINHOME-EQ]
2025-10-20 09:23:50,454 [INFO] [Trade Candidate: NSE:AUBANK-EQ]
2025-10-20 09:23:51,176 [INFO] [Trade Candidate: NSE:ECLERX-EQ]
2025-10-20 09:23:52,221 [INFO] [Trade Candidate: NSE:MAHSEAMLES-EQ]
2025-10-20 09:23:53,117 [INFO] [Trade Candidate: NSE:CESC-EQ]
2025-10-20 09:24:03,927 [INFO] Heartbeat: Checking for trade setups at 2025-10-20 09:24:03
2025-10-20 09:24:03,927 [INFO] Applying trade logic to 6 stocks.
2025-10-20 09:24:03,927 [INFO] [Trade Candidate: NSE:SOBHA-EQ]
2025-10-20 09:24:05,602 [INFO] [Trade Candidate: NSE:CANFINHOME-EQ]
2025-10-20 09:24:07,564 [INFO] [Trade Candidate: NSE:AUBANK-EQ]
2025-10-20 09:24:10,306 [INFO] [Trade Candidate: NSE:ECLERX-EQ]
2025-10-20 09:24:13,090 [INFO] [Trade Candidate: NSE:MAHSEAMLES-EQ]
2025-10-20 09:24:15,445 [INFO] [Trade Candidate: NSE:CESC-EQ]
2025-10-20 09:24:27,479 [INFO] Heartbeat: Checking for trade setups at 2025-10-20 09:24:27
2025-10-20 09:24:27,479 [INFO] Applying trade logic to 6 stocks.
2025-10-20 09:24:27,479 [INFO] [Trade Candidate: NSE:SOBHA-EQ]
2025-10-20 09:24:28,537 [INFO] [Trade Candidate: NSE:CANFINHOME-EQ]
2025-10-20 09:24:29,541 [INFO] [Trade Candidate: NSE:AUBANK-EQ]
2025-10-20 09:24:30,502 [INFO] [Trade Candidate: NSE:ECLERX-EQ]
2025-10-20 09:24:37,165 [INFO] [Trade Candidate: NSE:MAHSEAMLES-EQ]
2025-10-20 09:24:39,133 [INFO] [Trade Candidate: NSE:CESC-EQ]
2025-10-20 09:24:49,742 [INFO] Heartbeat: Checking for trade setups at 2025-10-20 09:24:49
2025-10-20 09:24:49,742 [INFO] Applying trade logic to 6 stocks.
2025-10-20 09:24:49,742 [INFO] [Trade Candidate: NSE:SOBHA-EQ]
2025-10-20 09:24:50,347 [INFO] [Trade Candidate: NSE:CANFINHOME-EQ]
2025-10-20 09:24:50,969 [INFO] [Trade Candidate: NSE:AUBANK-EQ]
2025-10-20 09:24:51,590 [INFO] [Trade Candidate: NSE:ECLERX-EQ]
2025-10-20 09:24:52,810 [INFO] [Trade Candidate: NSE:MAHSEAMLES-EQ]
2025-10-20 09:24:53,332 [INFO] [Trade Candidate: NSE:CESC-EQ]
2025-10-20 09:25:04,142 [INFO] Heartbeat: Checking for trade setups at 2025-10-20 09:25:04
2025-10-20 09:25:04,142 [INFO] Applying trade logic to 6 stocks.
2025-10-20 09:25:04,142 [INFO] [Trade Candidate: NSE:SOBHA-EQ]
2025-10-20 09:25:04,789 [INFO] [Trade Candidate: NSE:CANFINHOME-EQ]
2025-10-20 09:25:05,409 [INFO] [Trade Candidate: NSE:AUBANK-EQ]
2025-10-20 09:25:06,399 [INFO] [Trade Candidate: NSE:ECLERX-EQ]
2025-10-20 09:25:07,317 [INFO] [Trade Candidate: NSE:MAHSEAMLES-EQ]
2025-10-20 09:25:08,366 [INFO] [Trade Candidate: NSE:CESC-EQ]
2025-10-20 09:25:19,068 [INFO] Heartbeat: Checking for trade setups at 2025-10-20 09:25:19
2025-10-20 09:25:19,086 [INFO] Applying trade logic to 6 stocks.
2025-10-20 09:25:19,088 [INFO] [Trade Candidate: NSE:SOBHA-EQ]
2025-10-20 09:25:20,072 [INFO] [Trade Candidate: NSE:CANFINHOME-EQ]
2025-10-20 09:25:20,773 [INFO] [Trade Candidate: NSE:AUBANK-EQ]
2025-10-20 09:25:21,384 [INFO] [Trade Candidate: NSE:ECLERX-EQ]
2025-10-20 09:25:21,889 [INFO] [Trade Candidate: NSE:MAHSEAMLES-EQ]
2025-10-20 09:25:22,401 [INFO] [Trade Candidate: NSE:CESC-EQ]
2025-10-20 09:25:33,070 [INFO] Heartbeat: Checking for trade setups at 2025-10-20 09:25:33
2025-10-20 09:25:33,071 [INFO] Applying trade logic to 6 stocks.
2025-10-20 09:25:33,071 [INFO] [Trade Candidate: NSE:SOBHA-EQ]
2025-10-20 09:25:33,668 [INFO] [Trade Candidate: NSE:CANFINHOME-EQ]
2025-10-20 09:25:34,159 [INFO] [Trade Candidate: NSE:AUBANK-EQ]
2025-10-20 09:25:34,902 [INFO] [Trade Candidate: NSE:ECLERX-EQ]
2025-10-20 09:25:35,508 [INFO] [Trade Candidate: NSE:MAHSEAMLES-EQ]
2025-10-20 09:25:35,918 [INFO] [Trade Candidate: NSE:CESC-EQ]
2025-10-20 09:25:46,441 [INFO] Heartbeat: Checking for trade setups at 2025-10-20 09:25:46
2025-10-20 09:25:46,441 [INFO] Applying trade logic to 6 stocks.
2025-10-20 09:25:46,441 [INFO] [Trade Candidate: NSE:SOBHA-EQ]
2025-10-20 09:25:47,747 [INFO] [Trade Candidate: NSE:CANFINHOME-EQ]
2025-10-20 09:25:50,911 [INFO] [Trade Candidate: NSE:AUBANK-EQ]
2025-10-20 09:25:51,813 [INFO] [Trade Candidate: NSE:ECLERX-EQ]
2025-10-20 09:25:53,560 [INFO] [Trade Candidate: NSE:MAHSEAMLES-EQ]
2025-10-20 09:25:54,670 [INFO] [Trade Candidate: NSE:CESC-EQ]
2025-10-20 09:26:05,610 [INFO] Heartbeat: Checking for trade setups at 2025-10-20 09:26:05
2025-10-20 09:26:05,610 [INFO] Applying trade logic to 6 stocks.
2025-10-20 09:26:05,610 [INFO] [Trade Candidate: NSE:SOBHA-EQ]
2025-10-20 09:26:08,298 [INFO] [Trade Candidate: NSE:CANFINHOME-EQ]
2025-10-20 09:26:09,304 [INFO] [Trade Candidate: NSE:AUBANK-EQ]
2025-10-20 09:26:10,017 [INFO] [Trade Candidate: NSE:ECLERX-EQ]
2025-10-20 09:26:10,843 [INFO] [Trade Candidate: NSE:MAHSEAMLES-EQ]
2025-10-20 09:26:11,422 [INFO] [Trade Candidate: NSE:CESC-EQ]
2025-10-20 09:26:23,513 [INFO] Heartbeat: Checking for trade setups at 2025-10-20 09:26:23
2025-10-20 09:26:23,513 [INFO] Applying trade logic to 6 stocks.
2025-10-20 09:26:23,513 [INFO] [Trade Candidate: NSE:SOBHA-EQ]
2025-10-20 09:26:24,146 [INFO] [Trade Candidate: NSE:CANFINHOME-EQ]
2025-10-20 09:26:24,760 [INFO] [Trade Candidate: NSE:AUBANK-EQ]
2025-10-20 09:26:25,447 [INFO] [Trade Candidate: NSE:ECLERX-EQ]
2025-10-20 09:26:26,160 [INFO] [Trade Candidate: NSE:MAHSEAMLES-EQ]
2025-10-20 09:26:27,436 [INFO] [Trade Candidate: NSE:CESC-EQ]
2025-10-20 09:26:38,151 [INFO] Heartbeat: Checking for trade setups at 2025-10-20 09:26:38
2025-10-20 09:26:38,151 [INFO] Applying trade logic to 6 stocks.
2025-10-20 09:26:38,151 [INFO] [Trade Candidate: NSE:SOBHA-EQ]
2025-10-20 09:26:38,795 [INFO] [Trade Candidate: NSE:CANFINHOME-EQ]
2025-10-20 09:26:39,325 [INFO] Executing trade for NSE:CANFINHOME-EQ: {'timestamp': '2025-10-20 09:25', 'action': 'SELL', 'entry_price': 815.8, 'stop_loss': 820.95, 'target': 800.3499999999997}
2025-10-20 09:26:39,325 [INFO] Final SL: 5.15, Final Target: 800.35
2025-10-20 09:26:39,325 [INFO] Calculated order quantity for NSE:CANFINHOME-EQ: 19 shares based on CAPITAL_PER_TRADE: 100 and stock price: 815.8
2025-10-20 09:26:39,354 [INFO] Sending order request for NSE:CANFINHOME-EQ: {'symbol': 'NSE:CANFINHOME-EQ', 'qty': 19, 'type': 2, 'side': -1, 'productType': 'BO', 'limitPrice': 0, 'stopPrice': 0, 'validity': 'DAY', 'disclosedQty': 0, 'offlineOrder': False, 'stopLoss': 5.0, 'takeProfit': 15.0}
2025-10-20 09:26:40,436 [INFO] Received response for NSE:CANFINHOME-EQ: {'code': 1101, 'message': 'Successfully placed order', 's': 'ok', 'id': '25102000025290-BO-1'}
2025-10-20 09:26:40,438 [INFO] Order placed successfully: {'code': 1101, 'message': 'Successfully placed order', 's': 'ok', 'id': '25102000025290-BO-1'}
2025-10-20 09:26:40,441 [INFO] Trades taken today: 3
2025-10-20 09:26:40,443 [INFO] Remaining trades for the day: 4
2025-10-20 09:26:40,447 [INFO] [Trade Candidate: NSE:AUBANK-EQ]
2025-10-20 09:26:42,087 [INFO] [Trade Candidate: NSE:ECLERX-EQ]
2025-10-20 09:26:42,579 [INFO] [Trade Candidate: NSE:MAHSEAMLES-EQ]
2025-10-20 09:26:43,100 [INFO] [Trade Candidate: NSE:CESC-EQ]
2025-10-20 09:26:53,642 [INFO] Heartbeat: Checking for trade setups at 2025-10-20 09:26:53
2025-10-20 09:26:53,642 [INFO] Applying trade logic to 6 stocks.
2025-10-20 09:26:53,642 [INFO] [Trade Candidate: NSE:SOBHA-EQ]
2025-10-20 09:26:54,264 [INFO] [Trade Candidate: NSE:CANFINHOME-EQ]
2025-10-20 09:26:55,188 [INFO] [Trade Candidate: NSE:AUBANK-EQ]
2025-10-20 09:26:55,795 [INFO] [Trade Candidate: NSE:ECLERX-EQ]
2025-10-20 09:26:56,301 [INFO] [Trade Candidate: NSE:MAHSEAMLES-EQ]
2025-10-20 09:26:56,821 [INFO] [Trade Candidate: NSE:CESC-EQ]
2025-10-20 09:27:07,333 [INFO] Heartbeat: Checking for trade setups at 2025-10-20 09:27:07
2025-10-20 09:27:07,333 [INFO] Applying trade logic to 6 stocks.
2025-10-20 09:27:07,333 [INFO] [Trade Candidate: NSE:SOBHA-EQ]
2025-10-20 09:27:07,989 [INFO] [Trade Candidate: NSE:CANFINHOME-EQ]
2025-10-20 09:27:08,897 [INFO] [Trade Candidate: NSE:AUBANK-EQ]
2025-10-20 09:27:09,519 [INFO] [Trade Candidate: NSE:ECLERX-EQ]
2025-10-20 09:27:10,156 [INFO] [Trade Candidate: NSE:MAHSEAMLES-EQ]
2025-10-20 09:27:11,156 [INFO] [Trade Candidate: NSE:CESC-EQ]
2025-10-20 09:27:21,705 [INFO] Heartbeat: Checking for trade setups at 2025-10-20 09:27:21
2025-10-20 09:27:21,705 [INFO] Applying trade logic to 6 stocks.
2025-10-20 09:27:21,705 [INFO] [Trade Candidate: NSE:SOBHA-EQ]
2025-10-20 09:27:22,423 [INFO] [Trade Candidate: NSE:CANFINHOME-EQ]
2025-10-20 09:27:22,932 [INFO] [Trade Candidate: NSE:AUBANK-EQ]
2025-10-20 09:27:23,457 [INFO] [Trade Candidate: NSE:ECLERX-EQ]
2025-10-20 09:27:24,061 [INFO] [Trade Candidate: NSE:MAHSEAMLES-EQ]
2025-10-20 09:27:24,678 [INFO] [Trade Candidate: NSE:CESC-EQ]
2025-10-20 09:27:35,181 [INFO] Heartbeat: Checking for trade setups at 2025-10-20 09:27:35
2025-10-20 09:27:35,181 [INFO] Applying trade logic to 6 stocks.
2025-10-20 09:27:35,181 [INFO] [Trade Candidate: NSE:SOBHA-EQ]
2025-10-20 09:27:35,934 [INFO] [Trade Candidate: NSE:CANFINHOME-EQ]
2025-10-20 09:27:36,759 [INFO] [Trade Candidate: NSE:AUBANK-EQ]
2025-10-20 09:27:37,382 [INFO] [Trade Candidate: NSE:ECLERX-EQ]
2025-10-20 09:27:38,035 [INFO] [Trade Candidate: NSE:MAHSEAMLES-EQ]
2025-10-20 09:27:38,964 [INFO] [Trade Candidate: NSE:CESC-EQ]
2025-10-20 09:27:50,522 [INFO] Heartbeat: Checking for trade setups at 2025-10-20 09:27:50
2025-10-20 09:27:50,522 [INFO] Applying trade logic to 6 stocks.
2025-10-20 09:27:50,522 [INFO] [Trade Candidate: NSE:SOBHA-EQ]
2025-10-20 09:27:51,395 [INFO] [Trade Candidate: NSE:CANFINHOME-EQ]
2025-10-20 09:27:52,017 [INFO] [Trade Candidate: NSE:AUBANK-EQ]
2025-10-20 09:27:52,889 [INFO] [Trade Candidate: NSE:ECLERX-EQ]
2025-10-20 09:27:53,670 [INFO] [Trade Candidate: NSE:MAHSEAMLES-EQ]
2025-10-20 09:27:58,578 [INFO] [Trade Candidate: NSE:CESC-EQ]
2025-10-20 09:28:09,704 [INFO] Heartbeat: Checking for trade setups at 2025-10-20 09:28:09
2025-10-20 09:28:09,704 [INFO] Applying trade logic to 6 stocks.
2025-10-20 09:28:09,704 [INFO] [Trade Candidate: NSE:SOBHA-EQ]
2025-10-20 09:28:10,348 [INFO] [Trade Candidate: NSE:CANFINHOME-EQ]
2025-10-20 09:28:10,857 [INFO] [Trade Candidate: NSE:AUBANK-EQ]
2025-10-20 09:28:11,573 [INFO] [Trade Candidate: NSE:ECLERX-EQ]
2025-10-20 09:28:12,190 [INFO] [Trade Candidate: NSE:MAHSEAMLES-EQ]
2025-10-20 09:28:13,005 [INFO] [Trade Candidate: NSE:CESC-EQ]
2025-10-20 09:28:23,623 [INFO] Heartbeat: Checking for trade setups at 2025-10-20 09:28:23
2025-10-20 09:28:23,623 [INFO] Applying trade logic to 6 stocks.
2025-10-20 09:28:23,623 [INFO] [Trade Candidate: NSE:SOBHA-EQ]
2025-10-20 09:28:24,480 [INFO] [Trade Candidate: NSE:CANFINHOME-EQ]
2025-10-20 09:28:25,190 [INFO] [Trade Candidate: NSE:AUBANK-EQ]
2025-10-20 09:28:25,933 [INFO] [Trade Candidate: NSE:ECLERX-EQ]
2025-10-20 09:28:27,142 [INFO] [Trade Candidate: NSE:MAHSEAMLES-EQ]
2025-10-20 09:28:27,689 [INFO] [Trade Candidate: NSE:CESC-EQ]
2025-10-20 09:28:38,268 [INFO] Heartbeat: Checking for trade setups at 2025-10-20 09:28:38
2025-10-20 09:28:38,268 [INFO] Applying trade logic to 6 stocks.
2025-10-20 09:28:38,268 [INFO] [Trade Candidate: NSE:SOBHA-EQ]
2025-10-20 09:28:38,863 [INFO] [Trade Candidate: NSE:CANFINHOME-EQ]
2025-10-20 09:28:39,540 [INFO] [Trade Candidate: NSE:AUBANK-EQ]
2025-10-20 09:28:40,153 [INFO] Executing trade for NSE:AUBANK-EQ: {'timestamp': '2025-10-20 09:25', 'action': 'SELL', 'entry_price': 842.65, 'stop_loss': 852.95, 'target': 811.7499999999998}
2025-10-20 09:28:40,153 [INFO] Final SL: 8.43, Final Target: 817.37
2025-10-20 09:28:40,155 [INFO] Calculated order quantity for NSE:AUBANK-EQ: 11 shares based on CAPITAL_PER_TRADE: 100 and stock price: 842.65
2025-10-20 09:28:40,181 [INFO] Sending order request for NSE:AUBANK-EQ: {'symbol': 'NSE:AUBANK-EQ', 'qty': 11, 'type': 2, 'side': -1, 'productType': 'BO', 'limitPrice': 0, 'stopPrice': 0, 'validity': 'DAY', 'disclosedQty': 0, 'offlineOrder': False, 'stopLoss': 8.0, 'takeProfit': 25.0}
2025-10-20 09:28:40,859 [INFO] Received response for NSE:AUBANK-EQ: {'code': 1101, 'message': 'Successfully placed order', 's': 'ok', 'id': '25102000027737-BO-1'}
2025-10-20 09:28:40,861 [INFO] Order placed successfully: {'code': 1101, 'message': 'Successfully placed order', 's': 'ok', 'id': '25102000027737-BO-1'}
2025-10-20 09:28:40,861 [INFO] Trades taken today: 4
2025-10-20 09:28:40,862 [INFO] Remaining trades for the day: 3
2025-10-20 09:28:40,863 [INFO] [Trade Candidate: NSE:ECLERX-EQ]
2025-10-20 09:28:41,382 [INFO] [Trade Candidate: NSE:MAHSEAMLES-EQ]
2025-10-20 09:28:42,309 [INFO] [Trade Candidate: NSE:CESC-EQ]
2025-10-20 09:28:53,114 [INFO] Heartbeat: Checking for trade setups at 2025-10-20 09:28:53
2025-10-20 09:28:53,115 [INFO] Applying trade logic to 6 stocks.
2025-10-20 09:28:53,115 [INFO] [Trade Candidate: NSE:SOBHA-EQ]
2025-10-20 09:28:53,813 [INFO] [Trade Candidate: NSE:CANFINHOME-EQ]
2025-10-20 09:28:54,885 [INFO] [Trade Candidate: NSE:AUBANK-EQ]
2025-10-20 09:28:55,461 [INFO] [Trade Candidate: NSE:ECLERX-EQ]
2025-10-20 09:28:57,039 [INFO] [Trade Candidate: NSE:MAHSEAMLES-EQ]
2025-10-20 09:28:57,752 [INFO] [Trade Candidate: NSE:CESC-EQ]
2025-10-20 09:29:08,375 [INFO] Heartbeat: Checking for trade setups at 2025-10-20 09:29:08
2025-10-20 09:29:08,375 [INFO] Applying trade logic to 6 stocks.
2025-10-20 09:29:08,375 [INFO] [Trade Candidate: NSE:SOBHA-EQ]
2025-10-20 09:29:09,028 [INFO] [Trade Candidate: NSE:CANFINHOME-EQ]
2025-10-20 09:29:09,553 [INFO] [Trade Candidate: NSE:AUBANK-EQ]
2025-10-20 09:29:10,468 [INFO] [Trade Candidate: NSE:ECLERX-EQ]
2025-10-20 09:29:11,789 [INFO] [Trade Candidate: NSE:MAHSEAMLES-EQ]
2025-10-20 09:29:12,402 [INFO] [Trade Candidate: NSE:CESC-EQ]
2025-10-20 09:29:23,016 [INFO] Heartbeat: Checking for trade setups at 2025-10-20 09:29:23
2025-10-20 09:29:23,016 [INFO] Applying trade logic to 6 stocks.
2025-10-20 09:29:23,019 [INFO] [Trade Candidate: NSE:SOBHA-EQ]
2025-10-20 09:29:23,724 [INFO] [Trade Candidate: NSE:CANFINHOME-EQ]
2025-10-20 09:29:24,692 [INFO] [Trade Candidate: NSE:AUBANK-EQ]
2025-10-20 09:29:25,315 [INFO] [Trade Candidate: NSE:ECLERX-EQ]
2025-10-20 09:29:26,223 [INFO] [Trade Candidate: NSE:MAHSEAMLES-EQ]
2025-10-20 09:29:26,940 [INFO] [Trade Candidate: NSE:CESC-EQ]
2025-10-20 09:29:37,560 [INFO] Heartbeat: Checking for trade setups at 2025-10-20 09:29:37
2025-10-20 09:29:37,560 [INFO] Applying trade logic to 6 stocks.
2025-10-20 09:29:37,560 [INFO] [Trade Candidate: NSE:SOBHA-EQ]
2025-10-20 09:29:38,426 [INFO] [Trade Candidate: NSE:CANFINHOME-EQ]
2025-10-20 09:29:39,736 [INFO] [Trade Candidate: NSE:AUBANK-EQ]
2025-10-20 09:29:40,467 [INFO] [Trade Candidate: NSE:ECLERX-EQ]
2025-10-20 09:29:41,102 [INFO] [Trade Candidate: NSE:MAHSEAMLES-EQ]
2025-10-20 09:29:42,128 [INFO] [Trade Candidate: NSE:CESC-EQ]
2025-10-20 09:29:53,366 [INFO] Heartbeat: Checking for trade setups at 2025-10-20 09:29:53
2025-10-20 09:29:53,366 [INFO] Applying trade logic to 6 stocks.
2025-10-20 09:29:53,366 [INFO] [Trade Candidate: NSE:SOBHA-EQ]
2025-10-20 09:29:53,977 [INFO] [Trade Candidate: NSE:CANFINHOME-EQ]
2025-10-20 09:29:54,601 [INFO] [Trade Candidate: NSE:AUBANK-EQ]
2025-10-20 09:29:55,214 [INFO] [Trade Candidate: NSE:ECLERX-EQ]
2025-10-20 09:29:55,820 [INFO] [Trade Candidate: NSE:MAHSEAMLES-EQ]
2025-10-20 09:29:56,527 [INFO] [Trade Candidate: NSE:CESC-EQ]
2025-10-20 09:30:07,356 [INFO] Heartbeat: Checking for trade setups at 2025-10-20 09:30:07
2025-10-20 09:30:07,356 [INFO] Applying trade logic to 6 stocks.
2025-10-20 09:30:07,356 [INFO] [Trade Candidate: NSE:SOBHA-EQ]
2025-10-20 09:30:08,341 [INFO] [Trade Candidate: NSE:CANFINHOME-EQ]
2025-10-20 09:30:09,649 [INFO] [Trade Candidate: NSE:AUBANK-EQ]
2025-10-20 09:30:10,479 [INFO] Executing trade for NSE:AUBANK-EQ: {'timestamp': '2025-10-20 09:30', 'action': 'SELL', 'entry_price': 840, 'stop_loss': 851, 'target': 807}
2025-10-20 09:30:10,479 [INFO] Final SL: 8.40, Final Target: 814.80
2025-10-20 09:30:10,481 [INFO] Calculated order quantity for NSE:AUBANK-EQ: 11 shares based on CAPITAL_PER_TRADE: 100 and stock price: 840
2025-10-20 09:30:10,523 [INFO] Cannot trade NSE:AUBANK-EQ as it has already been traded within 10 minutes.
2025-10-20 09:30:10,525 [INFO] Cannot trade NSE:AUBANK-EQ as it has already been traded twice today or it has been recently traded 10 mins ago.
2025-10-20 09:30:10,525 [INFO] [Trade Candidate: NSE:ECLERX-EQ]
2025-10-20 09:30:11,228 [INFO] [Trade Candidate: NSE:MAHSEAMLES-EQ]
2025-10-20 09:30:12,421 [INFO] [Trade Candidate: NSE:CESC-EQ]
2025-10-20 09:30:23,030 [INFO] Heartbeat: Checking for trade setups at 2025-10-20 09:30:23
2025-10-20 09:30:23,030 [INFO] Applying trade logic to 6 stocks.
2025-10-20 09:30:23,030 [INFO] [Trade Candidate: NSE:SOBHA-EQ]
2025-10-20 09:30:23,560 [INFO] [Trade Candidate: NSE:CANFINHOME-EQ]
2025-10-20 09:30:24,186 [INFO] [Trade Candidate: NSE:AUBANK-EQ]
2025-10-20 09:30:24,834 [INFO] [Trade Candidate: NSE:ECLERX-EQ]
2025-10-20 09:30:25,835 [INFO] [Trade Candidate: NSE:MAHSEAMLES-EQ]
2025-10-20 09:30:26,671 [INFO] [Trade Candidate: NSE:CESC-EQ]
2025-10-20 09:30:37,360 [INFO] Heartbeat: Checking for trade setups at 2025-10-20 09:30:37
2025-10-20 09:30:37,360 [INFO] Applying trade logic to 6 stocks.
2025-10-20 09:30:37,360 [INFO] [Trade Candidate: NSE:SOBHA-EQ]
2025-10-20 09:30:38,118 [INFO] [Trade Candidate: NSE:CANFINHOME-EQ]
2025-10-20 09:30:38,722 [INFO] [Trade Candidate: NSE:AUBANK-EQ]
2025-10-20 09:30:39,377 [INFO] [Trade Candidate: NSE:ECLERX-EQ]
2025-10-20 09:30:40,299 [INFO] [Trade Candidate: NSE:MAHSEAMLES-EQ]
2025-10-20 09:30:40,875 [INFO] [Trade Candidate: NSE:CESC-EQ]
2025-10-20 09:30:51,490 [INFO] Heartbeat: Checking for trade setups at 2025-10-20 09:30:51
2025-10-20 09:30:51,490 [INFO] Applying trade logic to 6 stocks.
2025-10-20 09:30:51,490 [INFO] [Trade Candidate: NSE:SOBHA-EQ]
2025-10-20 09:30:52,137 [INFO] [Trade Candidate: NSE:CANFINHOME-EQ]
2025-10-20 09:30:52,661 [INFO] [Trade Candidate: NSE:AUBANK-EQ]
2025-10-20 09:30:53,163 [INFO] [Trade Candidate: NSE:ECLERX-EQ]
2025-10-20 09:30:53,696 [INFO] [Trade Candidate: NSE:MAHSEAMLES-EQ]
2025-10-20 09:30:54,285 [INFO] [Trade Candidate: NSE:CESC-EQ]
2025-10-20 09:31:04,710 [INFO] Heartbeat: Checking for trade setups at 2025-10-20 09:31:04
2025-10-20 09:31:04,710 [INFO] Applying trade logic to 6 stocks.
2025-10-20 09:31:04,710 [INFO] [Trade Candidate: NSE:SOBHA-EQ]
2025-10-20 09:31:05,388 [INFO] [Trade Candidate: NSE:CANFINHOME-EQ]
2025-10-20 09:31:06,225 [INFO] [Trade Candidate: NSE:AUBANK-EQ]
2025-10-20 09:31:07,655 [INFO] [Trade Candidate: NSE:ECLERX-EQ]
2025-10-20 09:31:09,246 [INFO] [Trade Candidate: NSE:MAHSEAMLES-EQ]
2025-10-20 09:31:09,906 [INFO] [Trade Candidate: NSE:CESC-EQ]
2025-10-20 09:31:20,632 [INFO] Heartbeat: Checking for trade setups at 2025-10-20 09:31:20
2025-10-20 09:31:20,633 [INFO] Applying trade logic to 6 stocks.
2025-10-20 09:31:20,633 [INFO] [Trade Candidate: NSE:SOBHA-EQ]
2025-10-20 09:31:21,324 [INFO] [Trade Candidate: NSE:CANFINHOME-EQ]
2025-10-20 09:31:22,152 [INFO] [Trade Candidate: NSE:AUBANK-EQ]
2025-10-20 09:31:22,764 [INFO] [Trade Candidate: NSE:ECLERX-EQ]
2025-10-20 09:31:23,588 [INFO] [Trade Candidate: NSE:MAHSEAMLES-EQ]
2025-10-20 09:31:24,091 [INFO] [Trade Candidate: NSE:CESC-EQ]
2025-10-20 09:31:34,605 [INFO] Heartbeat: Checking for trade setups at 2025-10-20 09:31:34
2025-10-20 09:31:34,605 [INFO] Applying trade logic to 6 stocks.
2025-10-20 09:31:34,605 [INFO] [Trade Candidate: NSE:SOBHA-EQ]
2025-10-20 09:31:35,207 [INFO] [Trade Candidate: NSE:CANFINHOME-EQ]
2025-10-20 09:31:36,277 [INFO] [Trade Candidate: NSE:AUBANK-EQ]
2025-10-20 09:31:37,092 [INFO] [Trade Candidate: NSE:ECLERX-EQ]
2025-10-20 09:31:37,724 [INFO] [Trade Candidate: NSE:MAHSEAMLES-EQ]
2025-10-20 09:31:38,282 [INFO] [Trade Candidate: NSE:CESC-EQ]
2025-10-20 09:31:49,048 [INFO] Heartbeat: Checking for trade setups at 2025-10-20 09:31:49
2025-10-20 09:31:49,048 [INFO] Applying trade logic to 6 stocks.
2025-10-20 09:31:49,048 [INFO] [Trade Candidate: NSE:SOBHA-EQ]
2025-10-20 09:31:49,990 [INFO] [Trade Candidate: NSE:CANFINHOME-EQ]
2025-10-20 09:31:50,609 [INFO] [Trade Candidate: NSE:AUBANK-EQ]
2025-10-20 09:31:51,277 [INFO] [Trade Candidate: NSE:ECLERX-EQ]
2025-10-20 09:31:52,261 [INFO] [Trade Candidate: NSE:MAHSEAMLES-EQ]
2025-10-20 09:31:53,273 [INFO] [Trade Candidate: NSE:CESC-EQ]
2025-10-20 09:32:03,888 [INFO] Heartbeat: Checking for trade setups at 2025-10-20 09:32:03
2025-10-20 09:32:03,888 [INFO] Applying trade logic to 6 stocks.
2025-10-20 09:32:03,888 [INFO] [Trade Candidate: NSE:SOBHA-EQ]
2025-10-20 09:32:04,414 [INFO] [Trade Candidate: NSE:CANFINHOME-EQ]
2025-10-20 09:32:05,058 [INFO] [Trade Candidate: NSE:AUBANK-EQ]
2025-10-20 09:32:05,666 [INFO] [Trade Candidate: NSE:ECLERX-EQ]
2025-10-20 09:32:06,301 [INFO] [Trade Candidate: NSE:MAHSEAMLES-EQ]
2025-10-20 09:32:06,928 [INFO] [Trade Candidate: NSE:CESC-EQ]
2025-10-20 09:32:17,464 [INFO] Heartbeat: Checking for trade setups at 2025-10-20 09:32:17
2025-10-20 09:32:17,464 [INFO] Applying trade logic to 6 stocks.
2025-10-20 09:32:17,464 [INFO] [Trade Candidate: NSE:SOBHA-EQ]
2025-10-20 09:32:18,270 [INFO] [Trade Candidate: NSE:CANFINHOME-EQ]
2025-10-20 09:32:19,092 [INFO] [Trade Candidate: NSE:AUBANK-EQ]
2025-10-20 09:32:19,611 [INFO] [Trade Candidate: NSE:ECLERX-EQ]
2025-10-20 09:32:21,146 [INFO] [Trade Candidate: NSE:MAHSEAMLES-EQ]
2025-10-20 09:32:22,056 [INFO] [Trade Candidate: NSE:CESC-EQ]
2025-10-20 09:32:32,667 [INFO] Heartbeat: Checking for trade setups at 2025-10-20 09:32:32
2025-10-20 09:32:32,667 [INFO] Applying trade logic to 6 stocks.
2025-10-20 09:32:32,667 [INFO] [Trade Candidate: NSE:SOBHA-EQ]
2025-10-20 09:32:33,317 [INFO] [Trade Candidate: NSE:CANFINHOME-EQ]
2025-10-20 09:32:33,867 [INFO] [Trade Candidate: NSE:AUBANK-EQ]
2025-10-20 09:32:34,507 [INFO] [Trade Candidate: NSE:ECLERX-EQ]
2025-10-20 09:32:35,785 [INFO] [Trade Candidate: NSE:MAHSEAMLES-EQ]
2025-10-20 09:32:37,383 [INFO] [Trade Candidate: NSE:CESC-EQ]
2025-10-20 09:32:48,443 [INFO] Heartbeat: Checking for trade setups at 2025-10-20 09:32:48
2025-10-20 09:32:48,443 [INFO] Applying trade logic to 6 stocks.
2025-10-20 09:32:48,443 [INFO] [Trade Candidate: NSE:SOBHA-EQ]
2025-10-20 09:32:49,291 [INFO] [Trade Candidate: NSE:CANFINHOME-EQ]
2025-10-20 09:32:49,798 [INFO] [Trade Candidate: NSE:AUBANK-EQ]
2025-10-20 09:32:50,326 [INFO] [Trade Candidate: NSE:ECLERX-EQ]
2025-10-20 09:32:50,838 [INFO] [Trade Candidate: NSE:MAHSEAMLES-EQ]
2025-10-20 09:32:51,346 [INFO] [Trade Candidate: NSE:CESC-EQ]
2025-10-20 09:33:01,856 [INFO] Heartbeat: Checking for trade setups at 2025-10-20 09:33:01
2025-10-20 09:33:01,856 [INFO] Applying trade logic to 6 stocks.
2025-10-20 09:33:01,856 [INFO] [Trade Candidate: NSE:SOBHA-EQ]
2025-10-20 09:33:02,482 [INFO] [Trade Candidate: NSE:CANFINHOME-EQ]
2025-10-20 09:33:03,262 [INFO] [Trade Candidate: NSE:AUBANK-EQ]
2025-10-20 09:33:04,093 [INFO] [Trade Candidate: NSE:ECLERX-EQ]
2025-10-20 09:33:05,261 [INFO] [Trade Candidate: NSE:MAHSEAMLES-EQ]
2025-10-20 09:33:05,946 [INFO] [Trade Candidate: NSE:CESC-EQ]
2025-10-20 09:33:16,905 [INFO] Heartbeat: Checking for trade setups at 2025-10-20 09:33:16
2025-10-20 09:33:16,905 [INFO] Applying trade logic to 6 stocks.
2025-10-20 09:33:16,905 [INFO] [Trade Candidate: NSE:SOBHA-EQ]
2025-10-20 09:33:17,451 [INFO] [Trade Candidate: NSE:CANFINHOME-EQ]
2025-10-20 09:33:17,879 [INFO] [Trade Candidate: NSE:AUBANK-EQ]
2025-10-20 09:33:18,371 [INFO] [Trade Candidate: NSE:ECLERX-EQ]
2025-10-20 09:33:18,791 [INFO] [Trade Candidate: NSE:MAHSEAMLES-EQ]
2025-10-20 09:33:19,297 [INFO] [Trade Candidate: NSE:CESC-EQ]
2025-10-20 09:33:29,822 [INFO] Heartbeat: Checking for trade setups at 2025-10-20 09:33:29
2025-10-20 09:33:29,822 [INFO] Applying trade logic to 6 stocks.
2025-10-20 09:33:29,822 [INFO] [Trade Candidate: NSE:SOBHA-EQ]
2025-10-20 09:33:30,662 [INFO] [Trade Candidate: NSE:CANFINHOME-EQ]
2025-10-20 09:33:31,327 [INFO] [Trade Candidate: NSE:AUBANK-EQ]
2025-10-20 09:33:32,216 [INFO] [Trade Candidate: NSE:ECLERX-EQ]
2025-10-20 09:33:32,915 [INFO] [Trade Candidate: NSE:MAHSEAMLES-EQ]
2025-10-20 09:33:33,587 [INFO] [Trade Candidate: NSE:CESC-EQ]
2025-10-20 09:33:44,449 [INFO] Heartbeat: Checking for trade setups at 2025-10-20 09:33:44
2025-10-20 09:33:44,449 [INFO] Applying trade logic to 6 stocks.
2025-10-20 09:33:44,449 [INFO] [Trade Candidate: NSE:SOBHA-EQ]
2025-10-20 09:33:45,304 [INFO] [Trade Candidate: NSE:CANFINHOME-EQ]
2025-10-20 09:33:45,934 [INFO] [Trade Candidate: NSE:AUBANK-EQ]
2025-10-20 09:33:46,750 [INFO] [Trade Candidate: NSE:ECLERX-EQ]
2025-10-20 09:33:47,266 [INFO] [Trade Candidate: NSE:MAHSEAMLES-EQ]
2025-10-20 09:33:47,813 [INFO] [Trade Candidate: NSE:CESC-EQ]
2025-10-20 09:33:58,696 [INFO] Heartbeat: Checking for trade setups at 2025-10-20 09:33:58
2025-10-20 09:33:58,696 [INFO] Applying trade logic to 6 stocks.
2025-10-20 09:33:58,696 [INFO] [Trade Candidate: NSE:SOBHA-EQ]
2025-10-20 09:33:59,378 [INFO] [Trade Candidate: NSE:CANFINHOME-EQ]
2025-10-20 09:34:00,321 [INFO] [Trade Candidate: NSE:AUBANK-EQ]
2025-10-20 09:34:01,097 [INFO] [Trade Candidate: NSE:ECLERX-EQ]
2025-10-20 09:34:01,708 [INFO] [Trade Candidate: NSE:MAHSEAMLES-EQ]
2025-10-20 09:34:02,324 [INFO] [Trade Candidate: NSE:CESC-EQ]
2025-10-20 09:34:12,818 [INFO] Heartbeat: Checking for trade setups at 2025-10-20 09:34:12
2025-10-20 09:34:12,818 [INFO] Applying trade logic to 6 stocks.
2025-10-20 09:34:12,818 [INFO] [Trade Candidate: NSE:SOBHA-EQ]
2025-10-20 09:34:13,446 [INFO] [Trade Candidate: NSE:CANFINHOME-EQ]
2025-10-20 09:34:14,488 [INFO] [Trade Candidate: NSE:AUBANK-EQ]
2025-10-20 09:34:15,633 [INFO] [Trade Candidate: NSE:ECLERX-EQ]
2025-10-20 09:34:17,358 [INFO] [Trade Candidate: NSE:MAHSEAMLES-EQ]
2025-10-20 09:34:18,055 [INFO] [Trade Candidate: NSE:CESC-EQ]
2025-10-20 09:34:30,944 [INFO] Heartbeat: Checking for trade setups at 2025-10-20 09:34:30
2025-10-20 09:34:30,944 [INFO] Applying trade logic to 6 stocks.
2025-10-20 09:34:30,944 [INFO] [Trade Candidate: NSE:SOBHA-EQ]
2025-10-20 09:34:31,595 [INFO] [Trade Candidate: NSE:CANFINHOME-EQ]
2025-10-20 09:34:32,101 [INFO] [Trade Candidate: NSE:AUBANK-EQ]
2025-10-20 09:34:32,630 [INFO] [Trade Candidate: NSE:ECLERX-EQ]
2025-10-20 09:34:33,243 [INFO] [Trade Candidate: NSE:MAHSEAMLES-EQ]
2025-10-20 09:34:33,737 [INFO] [Trade Candidate: NSE:CESC-EQ]
2025-10-20 09:34:44,354 [INFO] Heartbeat: Checking for trade setups at 2025-10-20 09:34:44
2025-10-20 09:34:44,354 [INFO] Applying trade logic to 6 stocks.
2025-10-20 09:34:44,356 [INFO] [Trade Candidate: NSE:SOBHA-EQ]
2025-10-20 09:34:45,002 [INFO] [Trade Candidate: NSE:CANFINHOME-EQ]
2025-10-20 09:34:45,824 [INFO] [Trade Candidate: NSE:AUBANK-EQ]
2025-10-20 09:34:46,558 [INFO] [Trade Candidate: NSE:ECLERX-EQ]
2025-10-20 09:34:47,260 [INFO] [Trade Candidate: NSE:MAHSEAMLES-EQ]
2025-10-20 09:34:47,809 [INFO] [Trade Candidate: NSE:CESC-EQ]
2025-10-20 09:34:58,693 [INFO] Heartbeat: Checking for trade setups at 2025-10-20 09:34:58
2025-10-20 09:34:58,693 [INFO] Applying trade logic to 6 stocks.
2025-10-20 09:34:58,693 [INFO] [Trade Candidate: NSE:SOBHA-EQ]
2025-10-20 09:34:59,735 [INFO] [Trade Candidate: NSE:CANFINHOME-EQ]
2025-10-20 09:35:00,460 [INFO] [Trade Candidate: NSE:AUBANK-EQ]
2025-10-20 09:35:01,487 [INFO] [Trade Candidate: NSE:ECLERX-EQ]
2025-10-20 09:35:02,530 [INFO] [Trade Candidate: NSE:MAHSEAMLES-EQ]
2025-10-20 09:35:03,235 [INFO] [Trade Candidate: NSE:CESC-EQ]
2025-10-20 09:35:13,950 [INFO] Heartbeat: Checking for trade setups at 2025-10-20 09:35:13
2025-10-20 09:35:13,950 [INFO] Applying trade logic to 6 stocks.
2025-10-20 09:35:13,950 [INFO] [Trade Candidate: NSE:SOBHA-EQ]
2025-10-20 09:35:14,536 [INFO] [Trade Candidate: NSE:CANFINHOME-EQ]
2025-10-20 09:35:15,563 [INFO] [Trade Candidate: NSE:AUBANK-EQ]
2025-10-20 09:35:17,173 [INFO] [Trade Candidate: NSE:ECLERX-EQ]
2025-10-20 09:35:17,738 [INFO] [Trade Candidate: NSE:MAHSEAMLES-EQ]
2025-10-20 09:35:18,596 [INFO] [Trade Candidate: NSE:CESC-EQ]
2025-10-20 09:35:29,217 [INFO] Heartbeat: Checking for trade setups at 2025-10-20 09:35:29
2025-10-20 09:35:29,218 [INFO] Applying trade logic to 6 stocks.
2025-10-20 09:35:29,218 [INFO] [Trade Candidate: NSE:SOBHA-EQ]
2025-10-20 09:35:29,766 [INFO] [Trade Candidate: NSE:CANFINHOME-EQ]
2025-10-20 09:35:30,461 [INFO] [Trade Candidate: NSE:AUBANK-EQ]
2025-10-20 09:35:31,015 [INFO] [Trade Candidate: NSE:ECLERX-EQ]
2025-10-20 09:35:31,802 [INFO] [Trade Candidate: NSE:MAHSEAMLES-EQ]
2025-10-20 09:35:32,327 [INFO] [Trade Candidate: NSE:CESC-EQ]
2025-10-20 09:35:42,830 [INFO] Heartbeat: Checking for trade setups at 2025-10-20 09:35:42
2025-10-20 09:35:42,830 [INFO] Applying trade logic to 6 stocks.
2025-10-20 09:35:42,830 [INFO] [Trade Candidate: NSE:SOBHA-EQ]
2025-10-20 09:35:43,603 [INFO] [Trade Candidate: NSE:CANFINHOME-EQ]
2025-10-20 09:35:44,200 [INFO] [Trade Candidate: NSE:AUBANK-EQ]
2025-10-20 09:35:45,024 [INFO] [Trade Candidate: NSE:ECLERX-EQ]
2025-10-20 09:35:45,787 [INFO] [Trade Candidate: NSE:MAHSEAMLES-EQ]
2025-10-20 09:35:46,757 [INFO] [Trade Candidate: NSE:CESC-EQ]
2025-10-20 09:35:57,384 [INFO] Heartbeat: Checking for trade setups at 2025-10-20 09:35:57
2025-10-20 09:35:57,384 [INFO] Applying trade logic to 6 stocks.
2025-10-20 09:35:57,384 [INFO] [Trade Candidate: NSE:SOBHA-EQ]
2025-10-20 09:35:58,034 [INFO] [Trade Candidate: NSE:CANFINHOME-EQ]
2025-10-20 09:35:59,155 [INFO] [Trade Candidate: NSE:AUBANK-EQ]
2025-10-20 09:36:00,073 [INFO] [Trade Candidate: NSE:ECLERX-EQ]
2025-10-20 09:36:00,895 [INFO] [Trade Candidate: NSE:MAHSEAMLES-EQ]
2025-10-20 09:36:01,719 [INFO] [Trade Candidate: NSE:CESC-EQ]
2025-10-20 09:36:13,058 [INFO] Heartbeat: Checking for trade setups at 2025-10-20 09:36:13
2025-10-20 09:36:13,058 [INFO] Applying trade logic to 6 stocks.
2025-10-20 09:36:13,058 [INFO] [Trade Candidate: NSE:SOBHA-EQ]
2025-10-20 09:36:13,695 [INFO] [Trade Candidate: NSE:CANFINHOME-EQ]
2025-10-20 09:36:14,562 [INFO] [Trade Candidate: NSE:AUBANK-EQ]
2025-10-20 09:36:15,995 [INFO] [Trade Candidate: NSE:ECLERX-EQ]
2025-10-20 09:36:17,640 [INFO] [Trade Candidate: NSE:MAHSEAMLES-EQ]
2025-10-20 09:36:18,512 [INFO] [Trade Candidate: NSE:CESC-EQ]
2025-10-20 09:36:29,195 [INFO] Heartbeat: Checking for trade setups at 2025-10-20 09:36:29
2025-10-20 09:36:29,195 [INFO] Applying trade logic to 6 stocks.
2025-10-20 09:36:29,195 [INFO] [Trade Candidate: NSE:SOBHA-EQ]
2025-10-20 09:36:29,865 [INFO] [Trade Candidate: NSE:CANFINHOME-EQ]
2025-10-20 09:36:30,382 [INFO] [Trade Candidate: NSE:AUBANK-EQ]
2025-10-20 09:36:31,102 [INFO] [Trade Candidate: NSE:ECLERX-EQ]
2025-10-20 09:36:31,629 [INFO] [Trade Candidate: NSE:MAHSEAMLES-EQ]
2025-10-20 09:36:32,437 [INFO] [Trade Candidate: NSE:CESC-EQ]
2025-10-20 09:36:43,059 [INFO] Heartbeat: Checking for trade setups at 2025-10-20 09:36:43
2025-10-20 09:36:43,059 [INFO] Applying trade logic to 6 stocks.
2025-10-20 09:36:43,059 [INFO] [Trade Candidate: NSE:SOBHA-EQ]
2025-10-20 09:36:43,591 [INFO] [Trade Candidate: NSE:CANFINHOME-EQ]
2025-10-20 09:36:44,118 [INFO] [Trade Candidate: NSE:AUBANK-EQ]
2025-10-20 09:36:44,984 [INFO] [Trade Candidate: NSE:ECLERX-EQ]
2025-10-20 09:36:45,557 [INFO] [Trade Candidate: NSE:MAHSEAMLES-EQ]
2025-10-20 09:36:46,674 [INFO] [Trade Candidate: NSE:CESC-EQ]
2025-10-20 09:36:57,449 [INFO] Heartbeat: Checking for trade setups at 2025-10-20 09:36:57
2025-10-20 09:36:57,449 [INFO] Applying trade logic to 6 stocks.
2025-10-20 09:36:57,449 [INFO] [Trade Candidate: NSE:SOBHA-EQ]
2025-10-20 09:36:58,344 [INFO] [Trade Candidate: NSE:CANFINHOME-EQ]
2025-10-20 09:36:58,955 [INFO] [Trade Candidate: NSE:AUBANK-EQ]
2025-10-20 09:36:59,776 [INFO] [Trade Candidate: NSE:ECLERX-EQ]
2025-10-20 09:37:00,517 [INFO] [Trade Candidate: NSE:MAHSEAMLES-EQ]
2025-10-20 09:37:01,818 [INFO] [Trade Candidate: NSE:CESC-EQ]
2025-10-20 09:37:12,516 [INFO] Heartbeat: Checking for trade setups at 2025-10-20 09:37:12
2025-10-20 09:37:12,516 [INFO] Applying trade logic to 6 stocks.
2025-10-20 09:37:12,516 [INFO] [Trade Candidate: NSE:SOBHA-EQ]
2025-10-20 09:37:13,407 [INFO] [Trade Candidate: NSE:CANFINHOME-EQ]
2025-10-20 09:37:14,219 [INFO] [Trade Candidate: NSE:AUBANK-EQ]
2025-10-20 09:37:14,822 [INFO] [Trade Candidate: NSE:ECLERX-EQ]
2025-10-20 09:37:16,678 [INFO] [Trade Candidate: NSE:MAHSEAMLES-EQ]
2025-10-20 09:37:18,313 [INFO] [Trade Candidate: NSE:CESC-EQ]
2025-10-20 09:37:28,931 [INFO] Heartbeat: Checking for trade setups at 2025-10-20 09:37:28
2025-10-20 09:37:28,931 [INFO] Applying trade logic to 6 stocks.
2025-10-20 09:37:28,931 [INFO] [Trade Candidate: NSE:SOBHA-EQ]
2025-10-20 09:37:29,681 [INFO] [Trade Candidate: NSE:CANFINHOME-EQ]
2025-10-20 09:37:30,709 [INFO] [Trade Candidate: NSE:AUBANK-EQ]
2025-10-20 09:37:31,820 [INFO] [Trade Candidate: NSE:ECLERX-EQ]
2025-10-20 09:37:32,653 [INFO] [Trade Candidate: NSE:MAHSEAMLES-EQ]
2025-10-20 09:37:33,765 [INFO] [Trade Candidate: NSE:CESC-EQ]
2025-10-20 09:37:44,494 [INFO] Heartbeat: Checking for trade setups at 2025-10-20 09:37:44
2025-10-20 09:37:44,494 [INFO] Applying trade logic to 6 stocks.
2025-10-20 09:37:44,494 [INFO] [Trade Candidate: NSE:SOBHA-EQ]
2025-10-20 09:37:45,440 [INFO] [Trade Candidate: NSE:CANFINHOME-EQ]
2025-10-20 09:37:46,241 [INFO] [Trade Candidate: NSE:AUBANK-EQ]
2025-10-20 09:37:46,876 [INFO] [Trade Candidate: NSE:ECLERX-EQ]
2025-10-20 09:37:47,500 [INFO] [Trade Candidate: NSE:MAHSEAMLES-EQ]
2025-10-20 09:37:48,117 [INFO] [Trade Candidate: NSE:CESC-EQ]
2025-10-20 09:37:59,123 [INFO] Heartbeat: Checking for trade setups at 2025-10-20 09:37:59
2025-10-20 09:37:59,123 [INFO] Applying trade logic to 6 stocks.
2025-10-20 09:37:59,125 [INFO] [Trade Candidate: NSE:SOBHA-EQ]
2025-10-20 09:38:01,046 [INFO] [Trade Candidate: NSE:CANFINHOME-EQ]
2025-10-20 09:38:02,822 [INFO] [Trade Candidate: NSE:AUBANK-EQ]
2025-10-20 09:38:03,774 [INFO] [Trade Candidate: NSE:ECLERX-EQ]
2025-10-20 09:38:04,691 [INFO] [Trade Candidate: NSE:MAHSEAMLES-EQ]
2025-10-20 09:38:05,476 [INFO] [Trade Candidate: NSE:CESC-EQ]
2025-10-20 09:38:16,442 [INFO] Heartbeat: Checking for trade setups at 2025-10-20 09:38:16
2025-10-20 09:38:16,442 [INFO] Applying trade logic to 6 stocks.
2025-10-20 09:38:16,442 [INFO] [Trade Candidate: NSE:SOBHA-EQ]
2025-10-20 09:38:17,304 [INFO] [Trade Candidate: NSE:CANFINHOME-EQ]
2025-10-20 09:38:18,226 [INFO] [Trade Candidate: NSE:AUBANK-EQ]
2025-10-20 09:38:19,963 [INFO] [Trade Candidate: NSE:ECLERX-EQ]
2025-10-20 09:38:20,615 [INFO] [Trade Candidate: NSE:MAHSEAMLES-EQ]
2025-10-20 09:38:21,795 [INFO] [Trade Candidate: NSE:CESC-EQ]
2025-10-20 09:38:32,711 [INFO] Heartbeat: Checking for trade setups at 2025-10-20 09:38:32
2025-10-20 09:38:32,711 [INFO] Applying trade logic to 6 stocks.
2025-10-20 09:38:32,712 [INFO] [Trade Candidate: NSE:SOBHA-EQ]
2025-10-20 09:38:33,775 [INFO] [Trade Candidate: NSE:CANFINHOME-EQ]
2025-10-20 09:38:34,808 [INFO] [Trade Candidate: NSE:AUBANK-EQ]
2025-10-20 09:38:35,752 [INFO] [Trade Candidate: NSE:ECLERX-EQ]
2025-10-20 09:38:37,155 [INFO] [Trade Candidate: NSE:MAHSEAMLES-EQ]
2025-10-20 09:38:37,775 [INFO] [Trade Candidate: NSE:CESC-EQ]
2025-10-20 09:38:48,906 [INFO] Heartbeat: Checking for trade setups at 2025-10-20 09:38:48
2025-10-20 09:38:48,906 [INFO] Applying trade logic to 6 stocks.
2025-10-20 09:38:48,906 [INFO] [Trade Candidate: NSE:SOBHA-EQ]
2025-10-20 09:38:49,953 [INFO] [Trade Candidate: NSE:CANFINHOME-EQ]
2025-10-20 09:38:50,795 [INFO] [Trade Candidate: NSE:AUBANK-EQ]
2025-10-20 09:38:52,116 [INFO] [Trade Candidate: NSE:ECLERX-EQ]
2025-10-20 09:38:52,720 [INFO] [Trade Candidate: NSE:MAHSEAMLES-EQ]
2025-10-20 09:38:53,343 [INFO] [Trade Candidate: NSE:CESC-EQ]
2025-10-20 09:39:03,864 [INFO] Heartbeat: Checking for trade setups at 2025-10-20 09:39:03
2025-10-20 09:39:03,864 [INFO] Applying trade logic to 6 stocks.
2025-10-20 09:39:03,864 [INFO] [Trade Candidate: NSE:SOBHA-EQ]
2025-10-20 09:39:04,805 [INFO] [Trade Candidate: NSE:CANFINHOME-EQ]
2025-10-20 09:39:05,459 [INFO] [Trade Candidate: NSE:AUBANK-EQ]
2025-10-20 09:39:05,975 [INFO] [Trade Candidate: NSE:ECLERX-EQ]
2025-10-20 09:39:06,493 [INFO] [Trade Candidate: NSE:MAHSEAMLES-EQ]
2025-10-20 09:39:07,062 [INFO] [Trade Candidate: NSE:CESC-EQ]
2025-10-20 09:39:17,451 [INFO] Heartbeat: Checking for trade setups at 2025-10-20 09:39:17
2025-10-20 09:39:17,454 [INFO] Applying trade logic to 6 stocks.
2025-10-20 09:39:17,454 [INFO] [Trade Candidate: NSE:SOBHA-EQ]
2025-10-20 09:39:18,639 [INFO] [Trade Candidate: NSE:CANFINHOME-EQ]
2025-10-20 09:39:19,147 [INFO] [Trade Candidate: NSE:AUBANK-EQ]
2025-10-20 09:39:19,733 [INFO] [Trade Candidate: NSE:ECLERX-EQ]
2025-10-20 09:39:20,262 [INFO] [Trade Candidate: NSE:MAHSEAMLES-EQ]
2025-10-20 09:39:20,660 [INFO] [Trade Candidate: NSE:CESC-EQ]
2025-10-20 09:39:31,044 [INFO] Heartbeat: Checking for trade setups at 2025-10-20 09:39:31
2025-10-20 09:39:31,044 [INFO] Applying trade logic to 6 stocks.
2025-10-20 09:39:31,044 [INFO] [Trade Candidate: NSE:SOBHA-EQ]
2025-10-20 09:39:31,937 [INFO] [Trade Candidate: NSE:CANFINHOME-EQ]
2025-10-20 09:39:32,585 [INFO] [Trade Candidate: NSE:AUBANK-EQ]
2025-10-20 09:39:33,385 [INFO] [Trade Candidate: NSE:ECLERX-EQ]
2025-10-20 09:39:34,107 [INFO] [Trade Candidate: NSE:MAHSEAMLES-EQ]
2025-10-20 09:39:34,731 [INFO] [Trade Candidate: NSE:CESC-EQ]
2025-10-20 09:39:45,430 [INFO] Heartbeat: Checking for trade setups at 2025-10-20 09:39:45
2025-10-20 09:39:45,430 [INFO] Applying trade logic to 6 stocks.
2025-10-20 09:39:45,431 [INFO] [Trade Candidate: NSE:SOBHA-EQ]
2025-10-20 09:39:46,189 [INFO] [Trade Candidate: NSE:CANFINHOME-EQ]
2025-10-20 09:39:47,212 [INFO] [Trade Candidate: NSE:AUBANK-EQ]
2025-10-20 09:39:48,636 [INFO] [Trade Candidate: NSE:ECLERX-EQ]
2025-10-20 09:39:49,159 [INFO] [Trade Candidate: NSE:MAHSEAMLES-EQ]
2025-10-20 09:39:49,729 [INFO] [Trade Candidate: NSE:CESC-EQ]
2025-10-20 09:40:00,208 [INFO] Heartbeat: Checking for trade setups at 2025-10-20 09:40:00
2025-10-20 09:40:00,208 [INFO] Applying trade logic to 6 stocks.
2025-10-20 09:40:00,208 [INFO] [Trade Candidate: NSE:SOBHA-EQ]
2025-10-20 09:40:00,712 [INFO] [Trade Candidate: NSE:CANFINHOME-EQ]
2025-10-20 09:40:01,121 [INFO] [Trade Candidate: NSE:AUBANK-EQ]
2025-10-20 09:40:01,659 [INFO] [Trade Candidate: NSE:ECLERX-EQ]
2025-10-20 09:40:02,408 [INFO] [Trade Candidate: NSE:MAHSEAMLES-EQ]
2025-10-20 09:40:03,218 [INFO] [Trade Candidate: NSE:CESC-EQ]
2025-10-20 09:40:16,466 [INFO] Heartbeat: Checking for trade setups at 2025-10-20 09:40:16
2025-10-20 09:40:16,466 [INFO] Applying trade logic to 6 stocks.
2025-10-20 09:40:16,466 [INFO] [Trade Candidate: NSE:SOBHA-EQ]
2025-10-20 09:40:17,475 [INFO] [Trade Candidate: NSE:CANFINHOME-EQ]
2025-10-20 09:40:18,396 [INFO] [Trade Candidate: NSE:AUBANK-EQ]
2025-10-20 09:40:19,495 [INFO] [Trade Candidate: NSE:ECLERX-EQ]
2025-10-20 09:40:20,029 [INFO] [Trade Candidate: NSE:MAHSEAMLES-EQ]
2025-10-20 09:40:21,213 [INFO] [Trade Candidate: NSE:CESC-EQ]
2025-10-20 09:40:32,637 [INFO] Heartbeat: Checking for trade setups at 2025-10-20 09:40:32
2025-10-20 09:40:32,637 [INFO] Applying trade logic to 6 stocks.
2025-10-20 09:40:32,637 [INFO] [Trade Candidate: NSE:SOBHA-EQ]
2025-10-20 09:40:35,283 [INFO] [Trade Candidate: NSE:CANFINHOME-EQ]
2025-10-20 09:40:35,789 [INFO] [Trade Candidate: NSE:AUBANK-EQ]
2025-10-20 09:40:36,286 [INFO] [Trade Candidate: NSE:ECLERX-EQ]
2025-10-20 09:40:36,793 [INFO] [Trade Candidate: NSE:MAHSEAMLES-EQ]
2025-10-20 09:40:38,066 [INFO] [Trade Candidate: NSE:CESC-EQ]
2025-10-20 09:40:48,927 [INFO] Heartbeat: Checking for trade setups at 2025-10-20 09:40:48
2025-10-20 09:40:48,927 [INFO] Applying trade logic to 6 stocks.
2025-10-20 09:40:48,927 [INFO] [Trade Candidate: NSE:SOBHA-EQ]
2025-10-20 09:40:49,541 [INFO] [Trade Candidate: NSE:CANFINHOME-EQ]
2025-10-20 09:40:50,027 [INFO] [Trade Candidate: NSE:AUBANK-EQ]
2025-10-20 09:40:51,202 [INFO] [Trade Candidate: NSE:ECLERX-EQ]
2025-10-20 09:40:51,625 [INFO] [Trade Candidate: NSE:MAHSEAMLES-EQ]
2025-10-20 09:40:52,090 [INFO] [Trade Candidate: NSE:CESC-EQ]
2025-10-20 09:41:02,618 [INFO] Heartbeat: Checking for trade setups at 2025-10-20 09:41:02
2025-10-20 09:41:02,619 [INFO] Applying trade logic to 6 stocks.
2025-10-20 09:41:02,620 [INFO] [Trade Candidate: NSE:SOBHA-EQ]
2025-10-20 09:41:03,176 [INFO] [Trade Candidate: NSE:CANFINHOME-EQ]
2025-10-20 09:41:03,682 [INFO] [Trade Candidate: NSE:AUBANK-EQ]
2025-10-20 09:41:04,594 [INFO] [Trade Candidate: NSE:ECLERX-EQ]
2025-10-20 09:41:05,673 [INFO] [Trade Candidate: NSE:MAHSEAMLES-EQ]
2025-10-20 09:41:06,835 [INFO] [Trade Candidate: NSE:CESC-EQ]
2025-10-20 09:41:18,040 [INFO] Heartbeat: Checking for trade setups at 2025-10-20 09:41:18
2025-10-20 09:41:18,040 [INFO] Applying trade logic to 6 stocks.
2025-10-20 09:41:18,042 [INFO] [Trade Candidate: NSE:SOBHA-EQ]
2025-10-20 09:41:18,637 [INFO] [Trade Candidate: NSE:CANFINHOME-EQ]
2025-10-20 09:41:19,149 [INFO] [Trade Candidate: NSE:AUBANK-EQ]
2025-10-20 09:41:19,706 [INFO] [Trade Candidate: NSE:ECLERX-EQ]
2025-10-20 09:41:20,136 [INFO] [Trade Candidate: NSE:MAHSEAMLES-EQ]
2025-10-20 09:41:20,543 [INFO] [Trade Candidate: NSE:CESC-EQ]
2025-10-20 09:41:30,947 [INFO] Heartbeat: Checking for trade setups at 2025-10-20 09:41:30
2025-10-20 09:41:30,947 [INFO] Applying trade logic to 6 stocks.
2025-10-20 09:41:30,947 [INFO] [Trade Candidate: NSE:SOBHA-EQ]
2025-10-20 09:41:32,322 [INFO] [Trade Candidate: NSE:CANFINHOME-EQ]
2025-10-20 09:41:33,286 [INFO] [Trade Candidate: NSE:AUBANK-EQ]
2025-10-20 09:41:34,014 [INFO] [Trade Candidate: NSE:ECLERX-EQ]
2025-10-20 09:41:34,697 [INFO] [Trade Candidate: NSE:MAHSEAMLES-EQ]
2025-10-20 09:41:35,560 [INFO] [Trade Candidate: NSE:CESC-EQ]
2025-10-20 09:41:46,672 [INFO] Heartbeat: Checking for trade setups at 2025-10-20 09:41:46
2025-10-20 09:41:46,672 [INFO] Applying trade logic to 6 stocks.
2025-10-20 09:41:46,672 [INFO] [Trade Candidate: NSE:SOBHA-EQ]
2025-10-20 09:41:47,569 [INFO] [Trade Candidate: NSE:CANFINHOME-EQ]
2025-10-20 09:41:48,499 [INFO] [Trade Candidate: NSE:AUBANK-EQ]
2025-10-20 09:41:49,475 [INFO] [Trade Candidate: NSE:ECLERX-EQ]
2025-10-20 09:41:50,270 [INFO] [Trade Candidate: NSE:MAHSEAMLES-EQ]
2025-10-20 09:41:51,177 [INFO] [Trade Candidate: NSE:CESC-EQ]
2025-10-20 09:42:01,737 [INFO] Heartbeat: Checking for trade setups at 2025-10-20 09:42:01
2025-10-20 09:42:01,737 [INFO] Applying trade logic to 6 stocks.
2025-10-20 09:42:01,737 [INFO] [Trade Candidate: NSE:SOBHA-EQ]
2025-10-20 09:42:02,487 [INFO] [Trade Candidate: NSE:CANFINHOME-EQ]
2025-10-20 09:42:04,073 [INFO] [Trade Candidate: NSE:AUBANK-EQ]
2025-10-20 09:42:05,970 [INFO] [Trade Candidate: NSE:ECLERX-EQ]
2025-10-20 09:42:07,757 [INFO] [Trade Candidate: NSE:MAHSEAMLES-EQ]
2025-10-20 09:42:08,366 [INFO] [Trade Candidate: NSE:CESC-EQ]
2025-10-20 09:42:19,608 [INFO] Heartbeat: Checking for trade setups at 2025-10-20 09:42:19
2025-10-20 09:42:19,608 [INFO] Applying trade logic to 6 stocks.
2025-10-20 09:42:19,608 [INFO] [Trade Candidate: NSE:SOBHA-EQ]
2025-10-20 09:42:20,176 [INFO] [Trade Candidate: NSE:CANFINHOME-EQ]
2025-10-20 09:42:20,657 [INFO] [Trade Candidate: NSE:AUBANK-EQ]
2025-10-20 09:42:21,799 [INFO] [Trade Candidate: NSE:ECLERX-EQ]
2025-10-20 09:42:22,701 [INFO] [Trade Candidate: NSE:MAHSEAMLES-EQ]
2025-10-20 09:42:23,377 [INFO] [Trade Candidate: NSE:CESC-EQ]
2025-10-20 09:42:34,908 [INFO] Heartbeat: Checking for trade setups at 2025-10-20 09:42:34
2025-10-20 09:42:34,908 [INFO] Applying trade logic to 6 stocks.
2025-10-20 09:42:34,910 [INFO] [Trade Candidate: NSE:SOBHA-EQ]
2025-10-20 09:42:35,501 [INFO] [Trade Candidate: NSE:CANFINHOME-EQ]
2025-10-20 09:42:35,924 [INFO] [Trade Candidate: NSE:AUBANK-EQ]
2025-10-20 09:42:36,321 [INFO] [Trade Candidate: NSE:ECLERX-EQ]
2025-10-20 09:42:36,754 [INFO] [Trade Candidate: NSE:MAHSEAMLES-EQ]
2025-10-20 09:42:37,316 [INFO] [Trade Candidate: NSE:CESC-EQ]
2025-10-20 09:42:47,972 [INFO] Heartbeat: Checking for trade setups at 2025-10-20 09:42:47
2025-10-20 09:42:47,972 [INFO] Applying trade logic to 6 stocks.
2025-10-20 09:42:47,972 [INFO] [Trade Candidate: NSE:SOBHA-EQ]
2025-10-20 09:42:48,971 [INFO] [Trade Candidate: NSE:CANFINHOME-EQ]
2025-10-20 09:42:49,784 [INFO] [Trade Candidate: NSE:AUBANK-EQ]
2025-10-20 09:42:50,505 [INFO] [Trade Candidate: NSE:ECLERX-EQ]
2025-10-20 09:42:51,145 [INFO] [Trade Candidate: NSE:MAHSEAMLES-EQ]
2025-10-20 09:42:52,041 [INFO] [Trade Candidate: NSE:CESC-EQ]
2025-10-20 09:43:02,785 [INFO] Heartbeat: Checking for trade setups at 2025-10-20 09:43:02
2025-10-20 09:43:02,785 [INFO] Applying trade logic to 6 stocks.
2025-10-20 09:43:02,785 [INFO] [Trade Candidate: NSE:SOBHA-EQ]
2025-10-20 09:43:03,413 [INFO] [Trade Candidate: NSE:CANFINHOME-EQ]
2025-10-20 09:43:04,021 [INFO] [Trade Candidate: NSE:AUBANK-EQ]
2025-10-20 09:43:04,651 [INFO] [Trade Candidate: NSE:ECLERX-EQ]
2025-10-20 09:43:05,568 [INFO] [Trade Candidate: NSE:MAHSEAMLES-EQ]
2025-10-20 09:43:06,991 [INFO] [Trade Candidate: NSE:CESC-EQ]
2025-10-20 09:43:17,609 [INFO] Heartbeat: Checking for trade setups at 2025-10-20 09:43:17
2025-10-20 09:43:17,609 [INFO] Applying trade logic to 6 stocks.
2025-10-20 09:43:17,609 [INFO] [Trade Candidate: NSE:SOBHA-EQ]
2025-10-20 09:43:21,449 [INFO] [Trade Candidate: NSE:CANFINHOME-EQ]
2025-10-20 09:43:22,659 [INFO] [Trade Candidate: NSE:AUBANK-EQ]
2025-10-20 09:43:23,376 [INFO] [Trade Candidate: NSE:ECLERX-EQ]
2025-10-20 09:43:24,099 [INFO] [Trade Candidate: NSE:MAHSEAMLES-EQ]
2025-10-20 09:43:24,736 [INFO] [Trade Candidate: NSE:CESC-EQ]
2025-10-20 09:43:35,629 [INFO] Heartbeat: Checking for trade setups at 2025-10-20 09:43:35
2025-10-20 09:43:35,629 [INFO] Applying trade logic to 6 stocks.
2025-10-20 09:43:35,629 [INFO] [Trade Candidate: NSE:SOBHA-EQ]
2025-10-20 09:43:36,278 [INFO] [Trade Candidate: NSE:CANFINHOME-EQ]
2025-10-20 09:43:36,895 [INFO] [Trade Candidate: NSE:AUBANK-EQ]
2025-10-20 09:43:37,518 [INFO] [Trade Candidate: NSE:ECLERX-EQ]
2025-10-20 09:43:38,223 [INFO] [Trade Candidate: NSE:MAHSEAMLES-EQ]
2025-10-20 09:43:38,742 [INFO] [Trade Candidate: NSE:CESC-EQ]
2025-10-20 09:43:50,068 [INFO] Heartbeat: Checking for trade setups at 2025-10-20 09:43:50
2025-10-20 09:43:50,068 [INFO] Applying trade logic to 6 stocks.
2025-10-20 09:43:50,068 [INFO] [Trade Candidate: NSE:SOBHA-EQ]
2025-10-20 09:43:50,722 [INFO] [Trade Candidate: NSE:CANFINHOME-EQ]
2025-10-20 09:43:51,266 [INFO] [Trade Candidate: NSE:AUBANK-EQ]
2025-10-20 09:43:52,085 [INFO] [Trade Candidate: NSE:ECLERX-EQ]
2025-10-20 09:43:53,490 [INFO] [Trade Candidate: NSE:MAHSEAMLES-EQ]
2025-10-20 09:43:54,129 [INFO] [Trade Candidate: NSE:CESC-EQ]
2025-10-20 09:44:05,024 [INFO] Heartbeat: Checking for trade setups at 2025-10-20 09:44:05
2025-10-20 09:44:05,025 [INFO] Applying trade logic to 6 stocks.
2025-10-20 09:44:05,025 [INFO] [Trade Candidate: NSE:SOBHA-EQ]
2025-10-20 09:44:05,979 [INFO] [Trade Candidate: NSE:CANFINHOME-EQ]
2025-10-20 09:44:06,590 [INFO] [Trade Candidate: NSE:AUBANK-EQ]
2025-10-20 09:44:07,103 [INFO] [Trade Candidate: NSE:ECLERX-EQ]
2025-10-20 09:44:07,622 [INFO] [Trade Candidate: NSE:MAHSEAMLES-EQ]
2025-10-20 09:44:08,129 [INFO] [Trade Candidate: NSE:CESC-EQ]
2025-10-20 09:44:18,537 [INFO] Heartbeat: Checking for trade setups at 2025-10-20 09:44:18
2025-10-20 09:44:18,537 [INFO] Applying trade logic to 6 stocks.
2025-10-20 09:44:18,537 [INFO] [Trade Candidate: NSE:SOBHA-EQ]
2025-10-20 09:44:19,126 [INFO] [Trade Candidate: NSE:CANFINHOME-EQ]
2025-10-20 09:44:19,701 [INFO] [Trade Candidate: NSE:AUBANK-EQ]
2025-10-20 09:44:20,223 [INFO] [Trade Candidate: NSE:ECLERX-EQ]
2025-10-20 09:44:20,829 [INFO] [Trade Candidate: NSE:MAHSEAMLES-EQ]
2025-10-20 09:44:21,334 [INFO] [Trade Candidate: NSE:CESC-EQ]
2025-10-20 09:44:31,843 [INFO] Heartbeat: Checking for trade setups at 2025-10-20 09:44:31
2025-10-20 09:44:31,843 [INFO] Applying trade logic to 6 stocks.
2025-10-20 09:44:31,843 [INFO] [Trade Candidate: NSE:SOBHA-EQ]
2025-10-20 09:44:32,492 [INFO] [Trade Candidate: NSE:CANFINHOME-EQ]
2025-10-20 09:44:33,108 [INFO] [Trade Candidate: NSE:AUBANK-EQ]
2025-10-20 09:44:33,623 [INFO] [Trade Candidate: NSE:ECLERX-EQ]
2025-10-20 09:44:34,160 [INFO] [Trade Candidate: NSE:MAHSEAMLES-EQ]
2025-10-20 09:44:35,166 [INFO] [Trade Candidate: NSE:CESC-EQ]
2025-10-20 09:44:45,772 [INFO] Heartbeat: Checking for trade setups at 2025-10-20 09:44:45
2025-10-20 09:44:45,772 [INFO] Applying trade logic to 6 stocks.
2025-10-20 09:44:45,772 [INFO] [Trade Candidate: NSE:SOBHA-EQ]
2025-10-20 09:44:46,531 [INFO] [Trade Candidate: NSE:CANFINHOME-EQ]
2025-10-20 09:44:46,921 [INFO] [Trade Candidate: NSE:AUBANK-EQ]
2025-10-20 09:44:47,568 [INFO] [Trade Candidate: NSE:ECLERX-EQ]
2025-10-20 09:44:48,397 [INFO] [Trade Candidate: NSE:MAHSEAMLES-EQ]
2025-10-20 09:44:49,116 [INFO] [Trade Candidate: NSE:CESC-EQ]
2025-10-20 09:45:00,312 [INFO] Heartbeat: Checking for trade setups at 2025-10-20 09:45:00
2025-10-20 09:45:00,312 [INFO] Applying trade logic to 6 stocks.
2025-10-20 09:45:00,312 [INFO] [Trade Candidate: NSE:SOBHA-EQ]
2025-10-20 09:45:00,980 [INFO] [Trade Candidate: NSE:CANFINHOME-EQ]
2025-10-20 09:45:01,479 [INFO] [Trade Candidate: NSE:AUBANK-EQ]
2025-10-20 09:45:01,994 [INFO] [Trade Candidate: NSE:ECLERX-EQ]
2025-10-20 09:45:02,611 [INFO] Executing trade for NSE:ECLERX-EQ: {'timestamp': '2025-10-20 09:40', 'action': 'SELL', 'entry_price': 4270.3, 'stop_loss': 4299, 'target': 4184.200000000001}
2025-10-20 09:45:02,611 [INFO] Trade for NSE:ECLERX-EQ at 2025-10-20 09:40 is outside the trading window. as current time is 09:45:02.611136 hence Skipping.
2025-10-20 09:45:02,612 [INFO] [Trade Candidate: NSE:MAHSEAMLES-EQ]
2025-10-20 09:45:03,283 [INFO] [Trade Candidate: NSE:CESC-EQ]
2025-10-20 09:45:14,156 [INFO] Heartbeat: Checking for trade setups at 2025-10-20 09:45:14
2025-10-20 09:45:14,156 [INFO] Applying trade logic to 6 stocks.
2025-10-20 09:45:14,156 [INFO] [Trade Candidate: NSE:SOBHA-EQ]
2025-10-20 09:45:14,800 [INFO] [Trade Candidate: NSE:CANFINHOME-EQ]
2025-10-20 09:45:15,507 [INFO] [Trade Candidate: NSE:AUBANK-EQ]
2025-10-20 09:45:16,030 [INFO] [Trade Candidate: NSE:ECLERX-EQ]
2025-10-20 09:45:16,943 [INFO] [Trade Candidate: NSE:MAHSEAMLES-EQ]
2025-10-20 09:45:17,452 [INFO] [Trade Candidate: NSE:CESC-EQ]
2025-10-20 09:45:27,833 [INFO] Heartbeat: Checking for trade setups at 2025-10-20 09:45:27
2025-10-20 09:45:27,833 [INFO] Applying trade logic to 6 stocks.
2025-10-20 09:45:27,833 [INFO] [Trade Candidate: NSE:SOBHA-EQ]
2025-10-20 09:45:28,483 [INFO] [Trade Candidate: NSE:CANFINHOME-EQ]
2025-10-20 09:45:29,438 [INFO] [Trade Candidate: NSE:AUBANK-EQ]
2025-10-20 09:45:30,060 [INFO] [Trade Candidate: NSE:ECLERX-EQ]
2025-10-20 09:45:30,778 [INFO] [Trade Candidate: NSE:MAHSEAMLES-EQ]
2025-10-20 09:45:31,547 [INFO] [Trade Candidate: NSE:CESC-EQ]
2025-10-20 09:45:42,585 [INFO] Heartbeat: Checking for trade setups at 2025-10-20 09:45:42
2025-10-20 09:45:42,585 [INFO] Applying trade logic to 6 stocks.
2025-10-20 09:45:42,585 [INFO] [Trade Candidate: NSE:SOBHA-EQ]
2025-10-20 09:45:43,265 [INFO] [Trade Candidate: NSE:CANFINHOME-EQ]
2025-10-20 09:45:43,973 [INFO] [Trade Candidate: NSE:AUBANK-EQ]
2025-10-20 09:45:44,699 [INFO] [Trade Candidate: NSE:ECLERX-EQ]
2025-10-20 09:45:45,630 [INFO] [Trade Candidate: NSE:MAHSEAMLES-EQ]
2025-10-20 09:45:46,543 [INFO] [Trade Candidate: NSE:CESC-EQ]
2025-10-20 09:45:57,491 [INFO] Heartbeat: Checking for trade setups at 2025-10-20 09:45:57
2025-10-20 09:45:57,492 [INFO] Applying trade logic to 6 stocks.
2025-10-20 09:45:57,492 [INFO] [Trade Candidate: NSE:SOBHA-EQ]
2025-10-20 09:45:58,219 [INFO] [Trade Candidate: NSE:CANFINHOME-EQ]
2025-10-20 09:45:59,088 [INFO] [Trade Candidate: NSE:AUBANK-EQ]
2025-10-20 09:46:00,528 [INFO] [Trade Candidate: NSE:ECLERX-EQ]
2025-10-20 09:46:01,501 [INFO] [Trade Candidate: NSE:MAHSEAMLES-EQ]
2025-10-20 09:46:02,203 [INFO] [Trade Candidate: NSE:CESC-EQ]
2025-10-20 09:46:12,927 [INFO] Heartbeat: Checking for trade setups at 2025-10-20 09:46:12
2025-10-20 09:46:12,927 [INFO] Applying trade logic to 6 stocks.
2025-10-20 09:46:12,927 [INFO] [Trade Candidate: NSE:SOBHA-EQ]
2025-10-20 09:46:13,682 [INFO] Executing trade for NSE:SOBHA-EQ: {'timestamp': '2025-10-20 09:45', 'action': 'SELL', 'entry_price': 1545.2, 'stop_loss': 1557, 'target': 1509.8000000000002}
2025-10-20 09:46:13,682 [INFO] Final SL: 11.80, Final Target: 1509.80
2025-10-20 09:46:13,682 [INFO] Calculated order quantity for NSE:SOBHA-EQ: 8 shares based on CAPITAL_PER_TRADE: 100 and stock price: 1545.2
2025-10-20 09:46:13,700 [INFO] Sending order request for NSE:SOBHA-EQ: {'symbol': 'NSE:SOBHA-EQ', 'qty': 8, 'type': 2, 'side': -1, 'productType': 'BO', 'limitPrice': 0, 'stopPrice': 0, 'validity': 'DAY', 'disclosedQty': 0, 'offlineOrder': False, 'stopLoss': 12.0, 'takeProfit': 35.0}
2025-10-20 09:46:14,734 [INFO] Received response for NSE:SOBHA-EQ: {'code': 1101, 'message': 'Successfully placed order', 's': 'ok', 'id': '25102000060381-BO-1'}
2025-10-20 09:46:14,734 [INFO] Order placed successfully: {'code': 1101, 'message': 'Successfully placed order', 's': 'ok', 'id': '25102000060381-BO-1'}
2025-10-20 09:46:14,737 [INFO] Trades taken today: 5
2025-10-20 09:46:14,747 [INFO] Remaining trades for the day: 2
2025-10-20 09:46:14,759 [INFO] [Trade Candidate: NSE:CANFINHOME-EQ]
2025-10-20 09:46:15,616 [INFO] Executing trade for NSE:CANFINHOME-EQ: {'timestamp': '2025-10-20 09:45', 'action': 'SELL', 'entry_price': 823, 'stop_loss': 828.3, 'target': 807.1000000000001}
2025-10-20 09:46:15,616 [INFO] Final SL: 5.30, Final Target: 807.10
2025-10-20 09:46:15,616 [INFO] Calculated order quantity for NSE:CANFINHOME-EQ: 18 shares based on CAPITAL_PER_TRADE: 100 and stock price: 823
2025-10-20 09:46:15,653 [INFO] Sending order request for NSE:CANFINHOME-EQ: {'symbol': 'NSE:CANFINHOME-EQ', 'qty': 18, 'type': 2, 'side': -1, 'productType': 'BO', 'limitPrice': 0, 'stopPrice': 0, 'validity': 'DAY', 'disclosedQty': 0, 'offlineOrder': False, 'stopLoss': 5.0, 'takeProfit': 16.0}
2025-10-20 09:46:16,346 [INFO] Received response for NSE:CANFINHOME-EQ: {'code': 1101, 'message': 'Successfully placed order', 's': 'ok', 'id': '25102000060512-BO-1'}
2025-10-20 09:46:16,350 [INFO] Order placed successfully: {'code': 1101, 'message': 'Successfully placed order', 's': 'ok', 'id': '25102000060512-BO-1'}
2025-10-20 09:46:16,350 [INFO] Trades taken today: 6
2025-10-20 09:46:16,352 [INFO] Remaining trades for the day: 1
2025-10-20 09:46:16,355 [INFO] [Trade Candidate: NSE:AUBANK-EQ]
2025-10-20 09:46:17,458 [INFO] [Trade Candidate: NSE:ECLERX-EQ]
2025-10-20 09:46:18,110 [INFO] [Trade Candidate: NSE:MAHSEAMLES-EQ]
2025-10-20 09:46:19,099 [INFO] [Trade Candidate: NSE:CESC-EQ]
2025-10-20 09:46:29,843 [INFO] Heartbeat: Checking for trade setups at 2025-10-20 09:46:29
2025-10-20 09:46:29,843 [INFO] Applying trade logic to 6 stocks.
2025-10-20 09:46:29,843 [INFO] [Trade Candidate: NSE:SOBHA-EQ]
2025-10-20 09:46:30,689 [INFO] [Trade Candidate: NSE:CANFINHOME-EQ]
2025-10-20 09:46:31,685 [INFO] [Trade Candidate: NSE:AUBANK-EQ]
2025-10-20 09:46:32,424 [INFO] [Trade Candidate: NSE:ECLERX-EQ]
2025-10-20 09:46:33,032 [INFO] [Trade Candidate: NSE:MAHSEAMLES-EQ]
2025-10-20 09:46:33,750 [INFO] [Trade Candidate: NSE:CESC-EQ]
2025-10-20 09:46:44,464 [INFO] Heartbeat: Checking for trade setups at 2025-10-20 09:46:44
2025-10-20 09:46:44,464 [INFO] Applying trade logic to 6 stocks.
2025-10-20 09:46:44,464 [INFO] [Trade Candidate: NSE:SOBHA-EQ]
2025-10-20 09:46:45,038 [INFO] [Trade Candidate: NSE:CANFINHOME-EQ]
2025-10-20 09:46:45,822 [INFO] [Trade Candidate: NSE:AUBANK-EQ]
2025-10-20 09:46:46,369 [INFO] [Trade Candidate: NSE:ECLERX-EQ]
2025-10-20 09:46:47,183 [INFO] [Trade Candidate: NSE:MAHSEAMLES-EQ]
2025-10-20 09:46:48,417 [INFO] [Trade Candidate: NSE:CESC-EQ]
2025-10-20 09:47:00,044 [INFO] Heartbeat: Checking for trade setups at 2025-10-20 09:47:00
2025-10-20 09:47:00,044 [INFO] Applying trade logic to 6 stocks.
2025-10-20 09:47:00,044 [INFO] [Trade Candidate: NSE:SOBHA-EQ]
2025-10-20 09:47:00,683 [INFO] [Trade Candidate: NSE:CANFINHOME-EQ]
2025-10-20 09:47:01,301 [INFO] [Trade Candidate: NSE:AUBANK-EQ]
2025-10-20 09:47:02,185 [INFO] [Trade Candidate: NSE:ECLERX-EQ]
2025-10-20 09:47:03,655 [INFO] [Trade Candidate: NSE:MAHSEAMLES-EQ]
2025-10-20 09:47:05,388 [INFO] [Trade Candidate: NSE:CESC-EQ]
2025-10-20 09:47:16,013 [INFO] Heartbeat: Checking for trade setups at 2025-10-20 09:47:16
2025-10-20 09:47:16,013 [INFO] Applying trade logic to 6 stocks.
2025-10-20 09:47:16,013 [INFO] [Trade Candidate: NSE:SOBHA-EQ]
2025-10-20 09:47:16,774 [INFO] [Trade Candidate: NSE:CANFINHOME-EQ]
2025-10-20 09:47:17,720 [INFO] [Trade Candidate: NSE:AUBANK-EQ]
2025-10-20 09:47:18,320 [INFO] [Trade Candidate: NSE:ECLERX-EQ]
2025-10-20 09:47:19,131 [INFO] [Trade Candidate: NSE:MAHSEAMLES-EQ]
2025-10-20 09:47:20,011 [INFO] [Trade Candidate: NSE:CESC-EQ]
2025-10-20 09:47:30,697 [INFO] Heartbeat: Checking for trade setups at 2025-10-20 09:47:30
2025-10-20 09:47:30,698 [INFO] Applying trade logic to 6 stocks.
2025-10-20 09:47:30,700 [INFO] [Trade Candidate: NSE:SOBHA-EQ]
2025-10-20 09:47:32,317 [INFO] [Trade Candidate: NSE:CANFINHOME-EQ]
2025-10-20 09:47:32,828 [INFO] [Trade Candidate: NSE:AUBANK-EQ]
2025-10-20 09:47:33,346 [INFO] [Trade Candidate: NSE:ECLERX-EQ]
2025-10-20 09:47:33,856 [INFO] [Trade Candidate: NSE:MAHSEAMLES-EQ]
2025-10-20 09:47:34,363 [INFO] [Trade Candidate: NSE:CESC-EQ]
2025-10-20 09:47:44,884 [INFO] Heartbeat: Checking for trade setups at 2025-10-20 09:47:44
2025-10-20 09:47:44,884 [INFO] Applying trade logic to 6 stocks.
2025-10-20 09:47:44,884 [INFO] [Trade Candidate: NSE:SOBHA-EQ]
2025-10-20 09:47:45,554 [INFO] [Trade Candidate: NSE:CANFINHOME-EQ]
2025-10-20 09:47:46,375 [INFO] [Trade Candidate: NSE:AUBANK-EQ]
2025-10-20 09:47:47,002 [INFO] [Trade Candidate: NSE:ECLERX-EQ]
2025-10-20 09:47:48,089 [INFO] [Trade Candidate: NSE:MAHSEAMLES-EQ]
2025-10-20 09:47:48,536 [INFO] [Trade Candidate: NSE:CESC-EQ]
2025-10-20 09:47:59,260 [INFO] Heartbeat: Checking for trade setups at 2025-10-20 09:47:59
2025-10-20 09:47:59,260 [INFO] Applying trade logic to 6 stocks.
2025-10-20 09:47:59,262 [INFO] [Trade Candidate: NSE:SOBHA-EQ]
2025-10-20 09:47:59,868 [INFO] [Trade Candidate: NSE:CANFINHOME-EQ]
2025-10-20 09:48:00,392 [INFO] [Trade Candidate: NSE:AUBANK-EQ]
2025-10-20 09:48:01,302 [INFO] [Trade Candidate: NSE:ECLERX-EQ]
2025-10-20 09:48:01,918 [INFO] [Trade Candidate: NSE:MAHSEAMLES-EQ]
2025-10-20 09:48:02,529 [INFO] [Trade Candidate: NSE:CESC-EQ]
2025-10-20 09:48:13,154 [INFO] Heartbeat: Checking for trade setups at 2025-10-20 09:48:13
2025-10-20 09:48:13,154 [INFO] Applying trade logic to 6 stocks.
2025-10-20 09:48:13,155 [INFO] [Trade Candidate: NSE:SOBHA-EQ]
2025-10-20 09:48:14,161 [INFO] [Trade Candidate: NSE:CANFINHOME-EQ]
2025-10-20 09:48:15,473 [INFO] [Trade Candidate: NSE:AUBANK-EQ]
2025-10-20 09:48:17,184 [INFO] [Trade Candidate: NSE:ECLERX-EQ]
2025-10-20 09:48:17,831 [INFO] Executing trade for NSE:ECLERX-EQ: {'timestamp': '2025-10-20 09:45', 'action': 'SELL', 'entry_price': 4270.2, 'stop_loss': 4299.3, 'target': 4182.899999999999}
2025-10-20 09:48:17,831 [INFO] Final SL: 29.10, Final Target: 4182.90
2025-10-20 09:48:17,837 [INFO] Calculated order quantity for NSE:ECLERX-EQ: 3 shares based on CAPITAL_PER_TRADE: 100 and stock price: 4270.2
2025-10-20 09:48:17,884 [INFO] Sending order request for NSE:ECLERX-EQ: {'symbol': 'NSE:ECLERX-EQ', 'qty': 3, 'type': 2, 'side': -1, 'productType': 'BO', 'limitPrice': 0, 'stopPrice': 0, 'validity': 'DAY', 'disclosedQty': 0, 'offlineOrder': False, 'stopLoss': 29.0, 'takeProfit': 87.0}
2025-10-20 09:48:18,911 [INFO] Received response for NSE:ECLERX-EQ: {'code': 1101, 'message': 'Successfully placed order', 's': 'ok', 'id': '25102000065943-BO-1'}
2025-10-20 09:48:18,911 [INFO] Order placed successfully: {'code': 1101, 'message': 'Successfully placed order', 's': 'ok', 'id': '25102000065943-BO-1'}
2025-10-20 09:48:18,911 [INFO] Trades taken today: 7
2025-10-20 09:48:18,914 [INFO] Remaining trades for the day: 0
2025-10-20 09:48:18,916 [INFO] [Trade Candidate: NSE:MAHSEAMLES-EQ]
2025-10-20 09:48:19,429 [INFO] [Trade Candidate: NSE:CESC-EQ]
2025-10-20 10:02:37,374 [INFO] Starting trading script...
2025-10-20 10:02:37,374 [INFO] Cleaning up old trades...
2025-10-20 10:02:37,374 [INFO] file filtered_stocks.csv deleted successfully
2025-10-20 10:02:37,382 [INFO] file filtered_stocks.json deleted successfully
2025-10-20 10:02:37,382 [INFO] file gapup_data.csv deleted successfully
2025-10-20 10:02:37,382 [INFO] file gapup_data.json does not exist
2025-10-20 10:02:37,386 [INFO] file trades.txt deleted successfully
2025-10-20 10:02:37,389 [INFO] file GapUp_stocks.json deleted successfully
2025-10-20 10:02:37,394 [INFO] Authenticating with Fyers to use its API...
2025-10-20 10:02:37,977 [INFO] Access token is valid.
2025-10-20 10:02:37,977 [INFO] Authentication is already done as access token is valid.
2025-10-20 10:02:37,980 [INFO] Sleeping for 3 sec to make sure ACCESS_TOKEN is properly fetched and picked up for WebSocket
2025-10-20 10:02:40,980 [INFO] Creating FyersModel instance with access token...
2025-10-20 10:02:40,983 [INFO] Authenticated Fyers instance created.
2025-10-20 10:02:40,983 [INFO] Fetching index symbols and running filtering stages...
2025-10-20 10:02:40,983 [INFO] Starting WebSocket to fetch gap-up stocks...
2025-10-20 10:02:41,614 [INFO] Loaded 499 symbols from Stock_list.xlsx.
2025-10-20 10:02:42,370 [INFO] Websocket connected
2025-10-20 10:02:42,385 [INFO] Response: {'type': 'cn', 'code': 200, 'message': 'Authentication done', 's': 'ok'}
2025-10-20 10:02:42,563 [INFO] Response: {'type': 'ful', 'code': 200, 'message': 'Full Mode On', 's': 'ok'}
2025-10-20 10:02:43,627 [INFO] WebSocket connection opened. Subscribing to data...
2025-10-20 10:02:44,223 [INFO] Error: {'code': -300, 'message': 'Please provide a valid symbol', 's': 'error', 'type': 'sub', 'invalid_symbols': ['NSE:SKFINDIA-EQ']}
2025-10-20 10:02:44,742 [INFO] Response: {'type': 'sub', 'code': 200, 'message': 'Subscribed', 's': 'ok'}
2025-10-20 10:02:59,745 [INFO] Connection closed: {'code': 200, 'message': 'Connection Closed', 's': 'ok'}
2025-10-20 10:03:02,384 [INFO] Evaluating for gap-up stocks...
2025-10-20 10:03:02,393 [INFO] Gap-up stocks saved to gapup_data.csv with 6 entries.
2025-10-20 10:03:02,393 [INFO] Total gap-up stocks found: 6
2025-10-20 10:03:02,399 [INFO] Gap-up stocks loaded: 6
2025-10-20 10:03:06,244 [INFO] Symbol              Gap Up %    Avg Volume  Status
2025-10-20 10:03:06,244 [INFO] Included NSE:SOBHA-EQ | Volume: 182050
2025-10-20 10:03:06,244 [INFO] Included NSE:CANFINHOME-EQ | Volume: 201651
2025-10-20 10:03:06,244 [INFO] Included NSE:AUBANK-EQ | Volume: 2481458
2025-10-20 10:03:06,244 [INFO] Included NSE:ECLERX-EQ | Volume: 128789
2025-10-20 10:03:06,244 [INFO] Included NSE:MAHSEAMLES-EQ | Volume: 175679
2025-10-20 10:03:06,244 [INFO] Included NSE:CESC-EQ | Volume: 2791918
2025-10-20 10:03:06,255 [INFO] Final filtered stocks after volume check: 6
2025-10-20 10:03:06,261 [INFO] Stocks to be traded: NSE:SOBHA-EQ, NSE:CANFINHOME-EQ, NSE:AUBANK-EQ, NSE:ECLERX-EQ, NSE:MAHSEAMLES-EQ, NSE:CESC-EQ
2025-10-20 10:03:06,266 [INFO] Filtered stocks saved to filtered_stocks.json.
2025-10-20 10:03:06,273 [INFO] Entering monitoring loop...
2025-10-20 10:03:06,278 [INFO] Heartbeat: Checking for trade setups at 2025-10-20 10:03:06
2025-10-20 10:03:06,278 [INFO] Applying trade logic to 6 stocks.
2025-10-20 10:03:06,279 [INFO] [Trade Candidate: NSE:SOBHA-EQ]
2025-10-20 10:03:08,093 [INFO] Executing trade for NSE:SOBHA-EQ: {'timestamp': '2025-10-20 09:45', 'action': 'SELL', 'entry_price': 1545.2, 'stop_loss': 1557, 'target': 1509.8000000000002}
2025-10-20 10:03:08,093 [INFO] Trade for NSE:SOBHA-EQ at 2025-10-20 09:45 is outside the trading window. as current time is 10:03:08.093530 hence Skipping.
2025-10-20 10:03:08,095 [INFO] [Trade Candidate: NSE:CANFINHOME-EQ]
2025-10-20 10:03:08,803 [INFO] Executing trade for NSE:CANFINHOME-EQ: {'timestamp': '2025-10-20 09:25', 'action': 'SELL', 'entry_price': 815.8, 'stop_loss': 820.95, 'target': 800.3499999999997}
2025-10-20 10:03:08,803 [INFO] Trade for NSE:CANFINHOME-EQ at 2025-10-20 09:25 is outside the trading window. as current time is 10:03:08.803441 hence Skipping.
2025-10-20 10:03:08,803 [INFO] [Trade Candidate: NSE:AUBANK-EQ]
2025-10-20 10:03:09,418 [INFO] Executing trade for NSE:AUBANK-EQ: {'timestamp': '2025-10-20 09:25', 'action': 'SELL', 'entry_price': 842.65, 'stop_loss': 852.95, 'target': 811.7499999999998}
2025-10-20 10:03:09,418 [INFO] Trade for NSE:AUBANK-EQ at 2025-10-20 09:25 is outside the trading window. as current time is 10:03:09.418670 hence Skipping.
2025-10-20 10:03:09,418 [INFO] Executing trade for NSE:AUBANK-EQ: {'timestamp': '2025-10-20 09:30', 'action': 'SELL', 'entry_price': 840, 'stop_loss': 851, 'target': 807}
2025-10-20 10:03:09,418 [INFO] Trade for NSE:AUBANK-EQ at 2025-10-20 09:30 is outside the trading window. as current time is 10:03:09.418670 hence Skipping.
2025-10-20 10:03:09,418 [INFO] [Trade Candidate: NSE:ECLERX-EQ]
2025-10-20 10:03:11,162 [INFO] Executing trade for NSE:ECLERX-EQ: {'timestamp': '2025-10-20 09:40', 'action': 'SELL', 'entry_price': 4270.3, 'stop_loss': 4299, 'target': 4184.200000000001}
2025-10-20 10:03:11,162 [INFO] Trade for NSE:ECLERX-EQ at 2025-10-20 09:40 is outside the trading window. as current time is 10:03:11.162235 hence Skipping.
2025-10-20 10:03:11,166 [INFO] Executing trade for NSE:ECLERX-EQ: {'timestamp': '2025-10-20 09:45', 'action': 'SELL', 'entry_price': 4270.2, 'stop_loss': 4299.3, 'target': 4182.899999999999}
2025-10-20 10:03:11,166 [INFO] Trade for NSE:ECLERX-EQ at 2025-10-20 09:45 is outside the trading window. as current time is 10:03:11.166507 hence Skipping.
2025-10-20 10:03:11,166 [INFO] [Trade Candidate: NSE:MAHSEAMLES-EQ]
2025-10-20 10:03:11,875 [INFO] [Trade Candidate: NSE:CESC-EQ]
2025-10-20 10:03:12,506 [INFO] Error in trade logic: 
 Traceback (most recent call last):
  File "D:\Datascience\trading_setup\main.py", line 127, in main
    with open("tradingsetup/trade_logic/tamo.txt", "r") as f:
         ^^^^^^^^^^^^^^^^^^^^^^^^^^^^^^^^^^^^^^^^^^^^^^
FileNotFoundError: [Errno 2] No such file or directory: 'tradingsetup/trade_logic/tamo.txt'

2025-10-20 10:03:22,507 [INFO] Heartbeat: Checking for trade setups at 2025-10-20 10:03:22
2025-10-20 10:03:22,507 [INFO] Applying trade logic to 6 stocks.
2025-10-20 10:03:22,507 [INFO] [Trade Candidate: NSE:SOBHA-EQ]
2025-10-20 10:03:23,401 [INFO] [Trade Candidate: NSE:CANFINHOME-EQ]
2025-10-20 10:03:24,371 [INFO] [Trade Candidate: NSE:AUBANK-EQ]
2025-10-20 10:03:24,999 [INFO] [Trade Candidate: NSE:ECLERX-EQ]
2025-10-20 10:03:25,770 [INFO] [Trade Candidate: NSE:MAHSEAMLES-EQ]
2025-10-20 10:03:26,826 [INFO] [Trade Candidate: NSE:CESC-EQ]
2025-10-20 10:03:27,608 [INFO] Error in trade logic: 
 Traceback (most recent call last):
  File "D:\Datascience\trading_setup\main.py", line 127, in main
    with open("tradingsetup/trade_logic/tamo.txt", "r") as f:
         ^^^^^^^^^^^^^^^^^^^^^^^^^^^^^^^^^^^^^^^^^^^^^^
FileNotFoundError: [Errno 2] No such file or directory: 'tradingsetup/trade_logic/tamo.txt'

2025-10-20 10:03:37,611 [INFO] Heartbeat: Checking for trade setups at 2025-10-20 10:03:37
2025-10-20 10:03:37,611 [INFO] Applying trade logic to 6 stocks.
2025-10-20 10:03:37,611 [INFO] [Trade Candidate: NSE:SOBHA-EQ]
2025-10-20 10:03:38,305 [INFO] [Trade Candidate: NSE:CANFINHOME-EQ]
2025-10-20 10:03:38,944 [INFO] [Trade Candidate: NSE:AUBANK-EQ]
2025-10-20 10:03:39,849 [INFO] [Trade Candidate: NSE:ECLERX-EQ]
2025-10-20 10:03:40,771 [INFO] [Trade Candidate: NSE:MAHSEAMLES-EQ]
2025-10-20 10:03:42,175 [INFO] [Trade Candidate: NSE:CESC-EQ]
2025-10-20 10:03:43,005 [INFO] Error in trade logic: 
 Traceback (most recent call last):
  File "D:\Datascience\trading_setup\main.py", line 127, in main
    with open("tradingsetup/trade_logic/tamo.txt", "r") as f:
         ^^^^^^^^^^^^^^^^^^^^^^^^^^^^^^^^^^^^^^^^^^^^^^
FileNotFoundError: [Errno 2] No such file or directory: 'tradingsetup/trade_logic/tamo.txt'

2025-10-20 10:03:53,009 [INFO] Heartbeat: Checking for trade setups at 2025-10-20 10:03:53
2025-10-20 10:03:53,010 [INFO] Applying trade logic to 6 stocks.
2025-10-20 10:03:53,010 [INFO] [Trade Candidate: NSE:SOBHA-EQ]
2025-10-20 10:03:53,815 [INFO] [Trade Candidate: NSE:CANFINHOME-EQ]
2025-10-20 10:03:55,099 [INFO] [Trade Candidate: NSE:AUBANK-EQ]
2025-10-20 10:03:55,824 [INFO] [Trade Candidate: NSE:ECLERX-EQ]
2025-10-20 10:03:57,207 [INFO] [Trade Candidate: NSE:MAHSEAMLES-EQ]
2025-10-20 10:03:58,259 [INFO] [Trade Candidate: NSE:CESC-EQ]
2025-10-20 10:03:58,888 [INFO] Error in trade logic: 
 Traceback (most recent call last):
  File "D:\Datascience\trading_setup\main.py", line 127, in main
    with open("tradingsetup/trade_logic/tamo.txt", "r") as f:
         ^^^^^^^^^^^^^^^^^^^^^^^^^^^^^^^^^^^^^^^^^^^^^^
FileNotFoundError: [Errno 2] No such file or directory: 'tradingsetup/trade_logic/tamo.txt'

2025-10-20 10:04:08,892 [INFO] Heartbeat: Checking for trade setups at 2025-10-20 10:04:08
2025-10-20 10:04:08,894 [INFO] Applying trade logic to 6 stocks.
2025-10-20 10:04:08,896 [INFO] [Trade Candidate: NSE:SOBHA-EQ]
2025-10-20 10:04:09,827 [INFO] [Trade Candidate: NSE:CANFINHOME-EQ]
2025-10-20 10:04:10,479 [INFO] [Trade Candidate: NSE:AUBANK-EQ]
2025-10-20 10:04:12,083 [INFO] [Trade Candidate: NSE:ECLERX-EQ]
2025-10-20 10:04:12,825 [INFO] [Trade Candidate: NSE:MAHSEAMLES-EQ]
2025-10-20 10:04:13,514 [INFO] [Trade Candidate: NSE:CESC-EQ]
2025-10-20 10:04:14,198 [INFO] Error in trade logic: 
 Traceback (most recent call last):
  File "D:\Datascience\trading_setup\main.py", line 127, in main
    with open("tradingsetup/trade_logic/tamo.txt", "r") as f:
         ^^^^^^^^^^^^^^^^^^^^^^^^^^^^^^^^^^^^^^^^^^^^^^
FileNotFoundError: [Errno 2] No such file or directory: 'tradingsetup/trade_logic/tamo.txt'

2025-10-20 10:04:24,200 [INFO] Heartbeat: Checking for trade setups at 2025-10-20 10:04:24
2025-10-20 10:04:24,201 [INFO] Applying trade logic to 6 stocks.
2025-10-20 10:04:24,201 [INFO] [Trade Candidate: NSE:SOBHA-EQ]
2025-10-20 10:04:25,301 [INFO] [Trade Candidate: NSE:CANFINHOME-EQ]
2025-10-20 10:04:25,923 [INFO] [Trade Candidate: NSE:AUBANK-EQ]
2025-10-20 10:04:26,744 [INFO] [Trade Candidate: NSE:ECLERX-EQ]
2025-10-20 10:04:27,967 [INFO] [Trade Candidate: NSE:MAHSEAMLES-EQ]
2025-10-20 10:04:28,583 [INFO] [Trade Candidate: NSE:CESC-EQ]
2025-10-20 10:04:29,525 [INFO] Error in trade logic: 
 Traceback (most recent call last):
  File "D:\Datascience\trading_setup\main.py", line 127, in main
    with open("tradingsetup/tamo.txt", "r") as f:
         ^^^^^^^^^^^^^^^^^^^^^^^^^^^^^^^^^^^^^^^^^
FileNotFoundError: [Errno 2] No such file or directory: 'tradingsetup/trade_logic/tamo.txt'

2025-10-20 10:05:32,107 [INFO] Starting trading script...
2025-10-20 10:05:32,107 [INFO] Cleaning up old trades...
2025-10-20 10:05:32,107 [INFO] file filtered_stocks.csv deleted successfully
2025-10-20 10:05:32,107 [INFO] file filtered_stocks.json deleted successfully
2025-10-20 10:05:32,107 [INFO] file gapup_data.csv deleted successfully
2025-10-20 10:05:32,107 [INFO] file gapup_data.json does not exist
2025-10-20 10:05:32,107 [INFO] file trades.txt deleted successfully
2025-10-20 10:05:32,107 [INFO] file GapUp_stocks.json deleted successfully
2025-10-20 10:05:32,118 [INFO] Authenticating with Fyers to use its API...
2025-10-20 10:05:32,686 [INFO] Access token is valid.
2025-10-20 10:05:32,686 [INFO] Authentication is already done as access token is valid.
2025-10-20 10:05:32,686 [INFO] Sleeping for 3 sec to make sure ACCESS_TOKEN is properly fetched and picked up for WebSocket
2025-10-20 10:05:35,688 [INFO] Creating FyersModel instance with access token...
2025-10-20 10:05:35,688 [INFO] Authenticated Fyers instance created.
2025-10-20 10:05:35,688 [INFO] Fetching index symbols and running filtering stages...
2025-10-20 10:05:35,688 [INFO] Starting WebSocket to fetch gap-up stocks...
2025-10-20 10:05:36,275 [INFO] Loaded 499 symbols from Stock_list.xlsx.
2025-10-20 10:05:36,878 [INFO] Websocket connected
2025-10-20 10:05:36,901 [INFO] Response: {'type': 'cn', 'code': 200, 'message': 'Authentication done', 's': 'ok'}
2025-10-20 10:05:36,974 [INFO] Response: {'type': 'ful', 'code': 200, 'message': 'Full Mode On', 's': 'ok'}
2025-10-20 10:05:38,285 [INFO] WebSocket connection opened. Subscribing to data...
2025-10-20 10:05:38,854 [INFO] Error: {'code': -300, 'message': 'Please provide a valid symbol', 's': 'error', 'type': 'sub', 'invalid_symbols': ['NSE:SKFINDIA-EQ']}
2025-10-20 10:05:39,463 [INFO] Response: {'type': 'sub', 'code': 200, 'message': 'Subscribed', 's': 'ok'}
2025-10-20 10:05:54,389 [INFO] Connection closed: {'code': 200, 'message': 'Connection Closed', 's': 'ok'}
2025-10-20 10:05:56,886 [INFO] Evaluating for gap-up stocks...
2025-10-20 10:05:56,896 [INFO] Gap-up stocks saved to gapup_data.csv with 6 entries.
2025-10-20 10:05:56,898 [INFO] Total gap-up stocks found: 6
2025-10-20 10:05:56,904 [INFO] Gap-up stocks loaded: 6
2025-10-20 10:06:00,556 [INFO] Symbol              Gap Up %    Avg Volume  Status
2025-10-20 10:06:00,556 [INFO] Included NSE:SOBHA-EQ | Volume: 182050
2025-10-20 10:06:00,556 [INFO] Included NSE:CANFINHOME-EQ | Volume: 201651
2025-10-20 10:06:00,556 [INFO] Included NSE:AUBANK-EQ | Volume: 2481458
2025-10-20 10:06:00,556 [INFO] Included NSE:ECLERX-EQ | Volume: 128789
2025-10-20 10:06:00,556 [INFO] Included NSE:MAHSEAMLES-EQ | Volume: 175679
2025-10-20 10:06:00,560 [INFO] Included NSE:CESC-EQ | Volume: 2791918
2025-10-20 10:06:00,564 [INFO] Final filtered stocks after volume check: 6
2025-10-20 10:06:00,564 [INFO] Stocks to be traded: NSE:SOBHA-EQ, NSE:CANFINHOME-EQ, NSE:AUBANK-EQ, NSE:ECLERX-EQ, NSE:MAHSEAMLES-EQ, NSE:CESC-EQ
2025-10-20 10:06:00,567 [INFO] Filtered stocks saved to filtered_stocks.json.
2025-10-20 10:06:00,567 [INFO] Entering monitoring loop...
2025-10-20 10:06:00,567 [INFO] Heartbeat: Checking for trade setups at 2025-10-20 10:06:00
2025-10-20 10:06:00,569 [INFO] Error in trade logic: 
 Traceback (most recent call last):
  File "D:\Datascience\trading_setup\main.py", line 127, in main
    with open("tradingsetup/tamo.txt", "r") as f:
         ^^^^^^^^^^^^^^^^^^^^^^^^^^^^^^^^^^
FileNotFoundError: [Errno 2] No such file or directory: 'tradingsetup/tamo.txt'

2025-10-20 10:06:10,572 [INFO] Heartbeat: Checking for trade setups at 2025-10-20 10:06:10
2025-10-20 10:06:10,572 [INFO] Error in trade logic: 
 Traceback (most recent call last):
  File "D:\Datascience\trading_setup\main.py", line 127, in main
    with open("tradingsetup/tamo.txt", "r") as f:
         ^^^^^^^^^^^^^^^^^^^^^^^^^^^^^^^^^^
FileNotFoundError: [Errno 2] No such file or directory: 'tradingsetup/tamo.txt'

2025-10-20 10:06:20,575 [INFO] Heartbeat: Checking for trade setups at 2025-10-20 10:06:20
2025-10-20 10:06:20,577 [INFO] Error in trade logic: 
 Traceback (most recent call last):
  File "D:\Datascience\trading_setup\main.py", line 127, in main
    with open("tradingsetup/tamo.txt", "r") as f:
         ^^^^^^^^^^^^^^^^^^^^^^^^^^^^^^^^^^
FileNotFoundError: [Errno 2] No such file or directory: 'tradingsetup/tamo.txt'

2025-10-20 10:06:30,577 [INFO] Heartbeat: Checking for trade setups at 2025-10-20 10:06:30
2025-10-20 10:06:30,579 [INFO] Error in trade logic: 
 Traceback (most recent call last):
  File "D:\Datascience\trading_setup\main.py", line 127, in main
    with open("tradingsetup/tamo.txt", "r") as f:
         ^^^^^^^^^^^^^^^^^^^^^^^^^^^^^^^^^^
FileNotFoundError: [Errno 2] No such file or directory: 'tradingsetup/tamo.txt'

2025-10-20 10:06:40,580 [INFO] Heartbeat: Checking for trade setups at 2025-10-20 10:06:40
2025-10-20 10:06:40,640 [INFO] Error in trade logic: 
 Traceback (most recent call last):
  File "D:\Datascience\trading_setup\main.py", line 127, in main
    # with open("tradingsetup/tamo.txt", "r") as f:
         ^^^^^^^^^^^^^^^^^^^^^^^^^^^^^^^^^^
FileNotFoundError: [Errno 2] No such file or directory: 'tradingsetup/tamo.txt'

2025-10-20 10:06:45,531 [INFO] Starting trading script...
2025-10-20 10:06:45,531 [INFO] Cleaning up old trades...
2025-10-20 10:06:45,531 [INFO] file filtered_stocks.csv deleted successfully
2025-10-20 10:06:45,533 [INFO] file filtered_stocks.json deleted successfully
2025-10-20 10:06:45,533 [INFO] file gapup_data.csv deleted successfully
2025-10-20 10:06:45,535 [INFO] file gapup_data.json does not exist
2025-10-20 10:06:45,535 [INFO] file trades.txt deleted successfully
2025-10-20 10:06:45,537 [INFO] file GapUp_stocks.json deleted successfully
2025-10-20 10:06:45,537 [INFO] Authenticating with Fyers to use its API...
2025-10-20 10:06:46,205 [INFO] Access token is valid.
2025-10-20 10:06:46,205 [INFO] Authentication is already done as access token is valid.
2025-10-20 10:06:46,205 [INFO] Sleeping for 3 sec to make sure ACCESS_TOKEN is properly fetched and picked up for WebSocket
2025-10-20 10:06:49,207 [INFO] Creating FyersModel instance with access token...
2025-10-20 10:06:49,207 [INFO] Authenticated Fyers instance created.
2025-10-20 10:06:49,209 [INFO] Fetching index symbols and running filtering stages...
2025-10-20 10:06:49,209 [INFO] Starting WebSocket to fetch gap-up stocks...
2025-10-20 10:06:49,789 [INFO] Loaded 499 symbols from Stock_list.xlsx.
2025-10-20 10:06:50,294 [INFO] Websocket connected
2025-10-20 10:06:50,314 [INFO] Response: {'type': 'cn', 'code': 200, 'message': 'Authentication done', 's': 'ok'}
2025-10-20 10:06:50,387 [INFO] Response: {'type': 'ful', 'code': 200, 'message': 'Full Mode On', 's': 'ok'}
2025-10-20 10:06:51,803 [INFO] WebSocket connection opened. Subscribing to data...
2025-10-20 10:06:52,356 [INFO] Error: {'code': -300, 'message': 'Please provide a valid symbol', 's': 'error', 'type': 'sub', 'invalid_symbols': ['NSE:SKFINDIA-EQ']}
2025-10-20 10:06:52,881 [INFO] Response: {'type': 'sub', 'code': 200, 'message': 'Subscribed', 's': 'ok'}
2025-10-20 10:07:07,877 [INFO] Connection closed: {'code': 200, 'message': 'Connection Closed', 's': 'ok'}
2025-10-20 10:07:10,302 [INFO] Evaluating for gap-up stocks...
2025-10-20 10:07:10,313 [INFO] Gap-up stocks saved to gapup_data.csv with 6 entries.
2025-10-20 10:07:10,313 [INFO] Total gap-up stocks found: 6
2025-10-20 10:07:10,321 [INFO] Gap-up stocks loaded: 6
2025-10-20 10:07:14,461 [INFO] Symbol              Gap Up %    Avg Volume  Status
2025-10-20 10:07:14,463 [INFO] Included NSE:SOBHA-EQ | Volume: 182050
2025-10-20 10:07:14,463 [INFO] Included NSE:CANFINHOME-EQ | Volume: 201651
2025-10-20 10:07:14,463 [INFO] Included NSE:AUBANK-EQ | Volume: 2481458
2025-10-20 10:07:14,463 [INFO] Included NSE:ECLERX-EQ | Volume: 128789
2025-10-20 10:07:14,463 [INFO] Included NSE:MAHSEAMLES-EQ | Volume: 175679
2025-10-20 10:07:14,463 [INFO] Included NSE:CESC-EQ | Volume: 2791918
2025-10-20 10:07:14,472 [INFO] Final filtered stocks after volume check: 6
2025-10-20 10:07:14,472 [INFO] Stocks to be traded: NSE:SOBHA-EQ, NSE:CANFINHOME-EQ, NSE:AUBANK-EQ, NSE:ECLERX-EQ, NSE:MAHSEAMLES-EQ, NSE:CESC-EQ
2025-10-20 10:07:14,475 [INFO] Filtered stocks saved to filtered_stocks.json.
2025-10-20 10:07:14,475 [INFO] Entering monitoring loop...
2025-10-20 10:07:14,477 [INFO] Heartbeat: Checking for trade setups at 2025-10-20 10:07:14
2025-10-20 10:07:14,477 [INFO] Fetching candles for NSE:TATAMOTORS-EQ...
2025-10-20 10:07:15,241 [INFO] Trigger candle found for 10:00 - High: 399.7, Low: 398.65
2025-10-20 10:07:15,241 [INFO] Candle 10:00 evaluated. High: 399.7, Low: 398.65
2025-10-20 10:07:15,241 [INFO] No breakout yet. Watching further candles...
2025-10-20 10:07:15,241 [INFO] Candle 10:05 evaluated. High: 399.8, Low: 399.45
2025-10-20 10:07:15,245 [INFO] Trade signal evaluated as Buy.
2025-10-20 10:07:15,245 [INFO] Buy Triggered for NSE:TATAMOTORS-EQ SETUP at 2025-10-20 10:05
2025-10-20 10:07:15,247 [INFO] Final SL: 1.05, Final Target: 403.00
2025-10-20 10:07:15,247 [INFO] Calculated order quantity for NSE:TATAMOTORS-EQ: 95 shares based on CAPITAL_PER_TRADE: 100 and stock price: 399.7
2025-10-20 10:07:15,278 [INFO] Sending order request for NSE:TATAMOTORS-EQ: {'symbol': 'NSE:TATAMOTORS-EQ', 'qty': 95, 'type': 2, 'side': -1, 'productType': 'BO', 'limitPrice': 0, 'stopPrice': 0, 'validity': 'DAY', 'disclosedQty': 0, 'offlineOrder': False, 'stopLoss': 1.0, 'takeProfit': 3.0}
2025-10-20 10:07:16,407 [INFO] Received response for NSE:TATAMOTORS-EQ: {'code': 1101, 'message': 'Successfully placed order', 's': 'ok', 'id': '25102000096773-BO-1'}
2025-10-20 10:07:16,408 [INFO] Order placed successfully: {'code': 1101, 'message': 'Successfully placed order', 's': 'ok', 'id': '25102000096773-BO-1'}
2025-10-20 10:07:16,408 [INFO] Trades taken today: 1
2025-10-20 10:07:16,411 [INFO] Remaining trades for the day: 5
2025-10-20 10:07:16,413 [INFO] TAMO trade executed successfully at 2025-10-20 10:05
2025-10-20 10:07:16,413 [INFO] Reason for not placing the TAMO trade: [Errno 2] No such file or directory: 'tradingsetup/tamo.txt'
2025-10-20 10:07:16,419 [INFO] Error in trade logic: 
 Traceback (most recent call last):
  File "D:\Datascience\trading_setup\src\tradingsetup\trade_logic\trade_executor.py", line 72, in apply_tamo_trade_logic
    with open("tradingsetup/tamo.txt", "w") as f:
         ^^^^^^^^^^^^^^^^^^^^^^^^^^^^^^^^^^
FileNotFoundError: [Errno 2] No such file or directory: 'tradingsetup/tamo.txt'

During handling of the above exception, another exception occurred:

Traceback (most recent call last):
  File "D:\Datascience\trading_setup\main.py", line 131, in main
    apply_tamo_trade_logic(fyers)
  File "D:\Datascience\trading_setup\src\tradingsetup\trade_logic\trade_executor.py", line 78, in apply_tamo_trade_logic
    with open("tradingsetup/tamo.txt", "w") as f:
         ^^^^^^^^^^^^^^^^^^^^^^^^^^^^^^^^^^
FileNotFoundError: [Errno 2] No such file or directory: 'tradingsetup/tamo.txt'

2025-10-20 10:07:26,423 [INFO] Heartbeat: Checking for trade setups at 2025-10-20 10:07:26
2025-10-20 10:07:26,423 [INFO] Fetching candles for NSE:TATAMOTORS-EQ...
2025-10-20 10:07:27,059 [INFO] Trigger candle found for 10:00 - High: 399.7, Low: 398.65
2025-10-20 10:07:27,059 [INFO] Candle 10:00 evaluated. High: 399.7, Low: 398.65
2025-10-20 10:07:27,059 [INFO] No breakout yet. Watching further candles...
2025-10-20 10:07:27,059 [INFO] Candle 10:05 evaluated. High: 399.85, Low: 399.45
2025-10-20 10:07:27,059 [INFO] Trade signal evaluated as Buy.
2025-10-20 10:07:27,059 [INFO] Buy Triggered for NSE:TATAMOTORS-EQ SETUP at 2025-10-20 10:05
2025-10-20 10:07:27,059 [INFO] Final SL: 1.05, Final Target: 403.00
2025-10-20 10:07:27,059 [INFO] Calculated order quantity for NSE:TATAMOTORS-EQ: 95 shares based on CAPITAL_PER_TRADE: 100 and stock price: 399.7
2025-10-20 10:07:27,093 [INFO] Cannot trade NSE:TATAMOTORS-EQ as it has already been traded within 10 minutes.
2025-10-20 10:07:27,093 [INFO] Cannot trade NSE:TATAMOTORS-EQ as it has already been traded twice today or it has been recently traded 10 mins ago.
2025-10-20 10:07:27,093 [INFO] TAMO trade executed successfully at 2025-10-20 10:05
2025-10-20 10:07:27,093 [INFO] Reason for not placing the TAMO trade: [Errno 2] No such file or directory: 'tradingsetup/tamo.txt'
2025-10-20 10:07:27,097 [INFO] Error in trade logic: 
 Traceback (most recent call last):
  File "D:\Datascience\trading_setup\src\tradingsetup\trade_logic\trade_executor.py", line 72, in apply_tamo_trade_logic
    with open("tradingsetup/tamo.txt", "w") as f:
         ^^^^^^^^^^^^^^^^^^^^^^^^^^^^^^^^^^
FileNotFoundError: [Errno 2] No such file or directory: 'tradingsetup/tamo.txt'

During handling of the above exception, another exception occurred:

Traceback (most recent call last):
  File "D:\Datascience\trading_setup\main.py", line 131, in main
    apply_tamo_trade_logic(fyers)
  File "D:\Datascience\trading_setup\src\tradingsetup\trade_logic\trade_executor.py", line 78, in apply_tamo_trade_logic
    with open("tradingsetup/tamo.txt", "w") as f:
         ^^^^^^^^^^^^^^^^^^^^^^^^^^^^^^^^^^
FileNotFoundError: [Errno 2] No such file or directory: 'tradingsetup/tamo.txt'

2025-10-20 10:07:37,099 [INFO] Heartbeat: Checking for trade setups at 2025-10-20 10:07:37
2025-10-20 10:07:37,099 [INFO] Fetching candles for NSE:TATAMOTORS-EQ...
2025-10-20 10:07:38,014 [INFO] Trigger candle found for 10:00 - High: 399.7, Low: 398.65
2025-10-20 10:07:38,014 [INFO] Candle 10:00 evaluated. High: 399.7, Low: 398.65
2025-10-20 10:07:38,014 [INFO] No breakout yet. Watching further candles...
2025-10-20 10:07:38,014 [INFO] Candle 10:05 evaluated. High: 399.85, Low: 399.45
2025-10-20 10:07:38,019 [INFO] Trade signal evaluated as Buy.
2025-10-20 10:07:38,021 [INFO] Buy Triggered for NSE:TATAMOTORS-EQ SETUP at 2025-10-20 10:05
2025-10-20 10:07:38,021 [INFO] Final SL: 1.05, Final Target: 403.00
2025-10-20 10:07:38,023 [INFO] Calculated order quantity for NSE:TATAMOTORS-EQ: 95 shares based on CAPITAL_PER_TRADE: 100 and stock price: 399.7
2025-10-20 10:07:38,030 [INFO] Cannot trade NSE:TATAMOTORS-EQ as it has already been traded within 10 minutes.
2025-10-20 10:07:38,030 [INFO] Cannot trade NSE:TATAMOTORS-EQ as it has already been traded twice today or it has been recently traded 10 mins ago.
2025-10-20 10:07:38,030 [INFO] TAMO trade executed successfully at 2025-10-20 10:05
2025-10-20 10:07:38,034 [INFO] Reason for not placing the TAMO trade: [Errno 2] No such file or directory: 'tradingsetup/tamo.txt'
2025-10-20 10:07:38,038 [INFO] Error in trade logic: 
 Traceback (most recent call last):
  File "D:\Datascience\trading_setup\src\tradingsetup\trade_logic\trade_executor.py", line 72, in apply_tamo_trade_logic
    with open("tradingsetup/tamo.txt", "w") as f:
         ^^^^^^^^^^^^^^^^^^^^^^^^^^^^^^^^^^
FileNotFoundError: [Errno 2] No such file or directory: 'tradingsetup/tamo.txt'

During handling of the above exception, another exception occurred:

Traceback (most recent call last):
  File "D:\Datascience\trading_setup\main.py", line 131, in main
    apply_tamo_trade_logic(fyers)
  File "D:\Datascience\trading_setup\src\tradingsetup\trade_logic\trade_executor.py", line 78, in apply_tamo_trade_logic
    with open("tradingsetup/tamo.txt", "w") as f:
         ^^^^^^^^^^^^^^^^^^^^^^^^^^^^^^^^^^
FileNotFoundError: [Errno 2] No such file or directory: 'tradingsetup/tamo.txt'

2025-10-20 10:07:48,040 [INFO] Heartbeat: Checking for trade setups at 2025-10-20 10:07:48
2025-10-20 10:07:48,040 [INFO] Fetching candles for NSE:TATAMOTORS-EQ...
2025-10-20 10:07:48,666 [INFO] Trigger candle found for 10:00 - High: 399.7, Low: 398.65
2025-10-20 10:07:48,667 [INFO] Candle 10:00 evaluated. High: 399.7, Low: 398.65
2025-10-20 10:07:48,667 [INFO] No breakout yet. Watching further candles...
2025-10-20 10:07:48,668 [INFO] Candle 10:05 evaluated. High: 399.85, Low: 399.45
2025-10-20 10:07:48,669 [INFO] Trade signal evaluated as Buy.
2025-10-20 10:07:48,669 [INFO] Buy Triggered for NSE:TATAMOTORS-EQ SETUP at 2025-10-20 10:05
2025-10-20 10:07:48,671 [INFO] Final SL: 1.05, Final Target: 403.00
2025-10-20 10:07:48,672 [INFO] Calculated order quantity for NSE:TATAMOTORS-EQ: 95 shares based on CAPITAL_PER_TRADE: 100 and stock price: 399.7
2025-10-20 10:07:48,684 [INFO] Cannot trade NSE:TATAMOTORS-EQ as it has already been traded within 10 minutes.
2025-10-20 10:07:48,684 [INFO] Cannot trade NSE:TATAMOTORS-EQ as it has already been traded twice today or it has been recently traded 10 mins ago.
2025-10-20 10:07:48,684 [INFO] TAMO trade executed successfully at 2025-10-20 10:05
2025-10-20 10:07:48,684 [INFO] Reason for not placing the TAMO trade: [Errno 2] No such file or directory: 'tradingsetup/tamo.txt'
2025-10-20 10:07:48,687 [INFO] Error in trade logic: 
 Traceback (most recent call last):
  File "D:\Datascience\trading_setup\src\tradingsetup\trade_logic\trade_executor.py", line 72, in apply_tamo_trade_logic
    with open("tradingsetup/tamo.txt", "w") as f:
         ^^^^^^^^^^^^^^^^^^^^^^^^^^^^^^^^^^
FileNotFoundError: [Errno 2] No such file or directory: 'tradingsetup/tamo.txt'

During handling of the above exception, another exception occurred:

Traceback (most recent call last):
  File "D:\Datascience\trading_setup\main.py", line 131, in main
    apply_tamo_trade_logic(fyers)
  File "D:\Datascience\trading_setup\src\tradingsetup\trade_logic\trade_executor.py", line 78, in apply_tamo_trade_logic
    with open("tradingsetup/tamo.txt", "w") as f:
         ^^^^^^^^^^^^^^^^^^^^^^^^^^^^^^^^^^
FileNotFoundError: [Errno 2] No such file or directory: 'tradingsetup/tamo.txt'

2025-10-20 10:07:58,690 [INFO] Heartbeat: Checking for trade setups at 2025-10-20 10:07:58
2025-10-20 10:07:58,690 [INFO] Fetching candles for NSE:TATAMOTORS-EQ...
2025-10-20 10:07:59,327 [INFO] Trigger candle found for 10:00 - High: 399.7, Low: 398.65
2025-10-20 10:07:59,327 [INFO] Candle 10:00 evaluated. High: 399.7, Low: 398.65
2025-10-20 10:07:59,327 [INFO] No breakout yet. Watching further candles...
2025-10-20 10:07:59,327 [INFO] Candle 10:05 evaluated. High: 399.85, Low: 399.45
2025-10-20 10:07:59,327 [INFO] Trade signal evaluated as Buy.
2025-10-20 10:07:59,327 [INFO] Buy Triggered for NSE:TATAMOTORS-EQ SETUP at 2025-10-20 10:05
2025-10-20 10:07:59,330 [INFO] Final SL: 1.05, Final Target: 403.00
2025-10-20 10:07:59,330 [INFO] Calculated order quantity for NSE:TATAMOTORS-EQ: 95 shares based on CAPITAL_PER_TRADE: 100 and stock price: 399.7
2025-10-20 10:07:59,336 [INFO] Cannot trade NSE:TATAMOTORS-EQ as it has already been traded within 10 minutes.
2025-10-20 10:07:59,336 [INFO] Cannot trade NSE:TATAMOTORS-EQ as it has already been traded twice today or it has been recently traded 10 mins ago.
2025-10-20 10:07:59,338 [INFO] TAMO trade executed successfully at 2025-10-20 10:05
2025-10-20 10:07:59,338 [INFO] Reason for not placing the TAMO trade: [Errno 2] No such file or directory: 'tradingsetup/tamo.txt'
2025-10-20 10:07:59,342 [INFO] Error in trade logic: 
 Traceback (most recent call last):
  File "D:\Datascience\trading_setup\src\tradingsetup\trade_logic\trade_executor.py", line 72, in apply_tamo_trade_logic
    with open("tradingsetup/tamo.txt", "w") as f:
         ^^^^^^^^^^^^^^^^^^^^^^^^^^^^^^^^^^
FileNotFoundError: [Errno 2] No such file or directory: 'tradingsetup/tamo.txt'

During handling of the above exception, another exception occurred:

Traceback (most recent call last):
  File "D:\Datascience\trading_setup\main.py", line 131, in main
    apply_tamo_trade_logic(fyers)
  File "D:\Datascience\trading_setup\src\tradingsetup\trade_logic\trade_executor.py", line 78, in apply_tamo_trade_logic
    with open("tradingsetup/tamo.txt", "w") as f:
         ^^^^^^^^^^^^^^^^^^^^^^^^^^^^^^^^^^
FileNotFoundError: [Errno 2] No such file or directory: 'tradingsetup/tamo.txt'

2025-10-20 10:08:09,344 [INFO] Heartbeat: Checking for trade setups at 2025-10-20 10:08:09
2025-10-20 10:08:09,344 [INFO] Fetching candles for NSE:TATAMOTORS-EQ...
2025-10-20 10:08:10,013 [INFO] Trigger candle found for 10:00 - High: 399.7, Low: 398.65
2025-10-20 10:08:10,013 [INFO] Candle 10:00 evaluated. High: 399.7, Low: 398.65
2025-10-20 10:08:10,015 [INFO] No breakout yet. Watching further candles...
2025-10-20 10:08:10,015 [INFO] Candle 10:05 evaluated. High: 399.85, Low: 399.45
2025-10-20 10:08:10,015 [INFO] Trade signal evaluated as Buy.
2025-10-20 10:08:10,016 [INFO] Buy Triggered for NSE:TATAMOTORS-EQ SETUP at 2025-10-20 10:05
2025-10-20 10:08:10,016 [INFO] Final SL: 1.05, Final Target: 403.00
2025-10-20 10:08:10,016 [INFO] Calculated order quantity for NSE:TATAMOTORS-EQ: 95 shares based on CAPITAL_PER_TRADE: 100 and stock price: 399.7
2025-10-20 10:08:10,021 [INFO] Cannot trade NSE:TATAMOTORS-EQ as it has already been traded within 10 minutes.
2025-10-20 10:08:10,023 [INFO] Cannot trade NSE:TATAMOTORS-EQ as it has already been traded twice today or it has been recently traded 10 mins ago.
2025-10-20 10:08:10,023 [INFO] TAMO trade executed successfully at 2025-10-20 10:05
2025-10-20 10:08:10,023 [INFO] Reason for not placing the TAMO trade: [Errno 2] No such file or directory: 'tradingsetup/tamo.txt'
2025-10-20 10:08:10,026 [INFO] Error in trade logic: 
 Traceback (most recent call last):
  File "D:\Datascience\trading_setup\src\tradingsetup\trade_logic\trade_executor.py", line 72, in apply_tamo_trade_logic
    with open("tradingsetup/tamo.txt", "w") as f:
         ^^^^^^^^^^^^^^^^^^^^^^^^^^^^^^^^^^
FileNotFoundError: [Errno 2] No such file or directory: 'tradingsetup/tamo.txt'

During handling of the above exception, another exception occurred:

Traceback (most recent call last):
  File "D:\Datascience\trading_setup\main.py", line 131, in main
    apply_tamo_trade_logic(fyers)
  File "D:\Datascience\trading_setup\src\tradingsetup\trade_logic\trade_executor.py", line 78, in apply_tamo_trade_logic
    with open("tradingsetup/tamo.txt", "w") as f:
         ^^^^^^^^^^^^^^^^^^^^^^^^^^^^^^^^^^
FileNotFoundError: [Errno 2] No such file or directory: 'tradingsetup/tamo.txt'

2025-10-20 10:08:20,028 [INFO] Heartbeat: Checking for trade setups at 2025-10-20 10:08:20
2025-10-20 10:08:20,028 [INFO] Fetching candles for NSE:TATAMOTORS-EQ...
2025-10-20 10:08:20,621 [INFO] Trigger candle found for 10:00 - High: 399.7, Low: 398.65
2025-10-20 10:08:20,621 [INFO] Candle 10:00 evaluated. High: 399.7, Low: 398.65
2025-10-20 10:08:20,621 [INFO] No breakout yet. Watching further candles...
2025-10-20 10:08:20,621 [INFO] Candle 10:05 evaluated. High: 399.85, Low: 399.45
2025-10-20 10:08:20,621 [INFO] Trade signal evaluated as Buy.
2025-10-20 10:08:20,621 [INFO] Buy Triggered for NSE:TATAMOTORS-EQ SETUP at 2025-10-20 10:05
2025-10-20 10:08:20,621 [INFO] Final SL: 1.05, Final Target: 403.00
2025-10-20 10:08:20,621 [INFO] Calculated order quantity for NSE:TATAMOTORS-EQ: 95 shares based on CAPITAL_PER_TRADE: 100 and stock price: 399.7
2025-10-20 10:08:20,631 [INFO] Cannot trade NSE:TATAMOTORS-EQ as it has already been traded within 10 minutes.
2025-10-20 10:08:20,631 [INFO] Cannot trade NSE:TATAMOTORS-EQ as it has already been traded twice today or it has been recently traded 10 mins ago.
2025-10-20 10:08:20,633 [INFO] TAMO trade executed successfully at 2025-10-20 10:05
2025-10-20 10:08:20,633 [INFO] Reason for not placing the TAMO trade: [Errno 2] No such file or directory: 'tradingsetup/tamo.txt'
2025-10-20 10:08:20,637 [INFO] Error in trade logic: 
 Traceback (most recent call last):
  File "D:\Datascience\trading_setup\src\tradingsetup\trade_logic\trade_executor.py", line 72, in apply_tamo_trade_logic
    with open("tradingsetup/tamo.txt", "w") as f:
         ^^^^^^^^^^^^^^^^^^^^^^^^^^^^^^^^^^
FileNotFoundError: [Errno 2] No such file or directory: 'tradingsetup/tamo.txt'

During handling of the above exception, another exception occurred:

Traceback (most recent call last):
  File "D:\Datascience\trading_setup\main.py", line 131, in main
    apply_tamo_trade_logic(fyers)
  File "D:\Datascience\trading_setup\src\tradingsetup\trade_logic\trade_executor.py", line 78, in apply_tamo_trade_logic
    with open("tradingsetup/tamo.txt", "w") as f:
         ^^^^^^^^^^^^^^^^^^^^^^^^^^^^^^^^^^
FileNotFoundError: [Errno 2] No such file or directory: 'tradingsetup/tamo.txt'

2025-10-20 10:08:30,638 [INFO] Heartbeat: Checking for trade setups at 2025-10-20 10:08:30
2025-10-20 10:08:30,638 [INFO] Fetching candles for NSE:TATAMOTORS-EQ...
2025-10-20 10:08:31,696 [INFO] Trigger candle found for 10:00 - High: 399.7, Low: 398.65
2025-10-20 10:08:31,696 [INFO] Candle 10:00 evaluated. High: 399.7, Low: 398.65
2025-10-20 10:08:31,699 [INFO] No breakout yet. Watching further candles...
2025-10-20 10:08:31,699 [INFO] Candle 10:05 evaluated. High: 399.85, Low: 399.45
2025-10-20 10:08:31,699 [INFO] Trade signal evaluated as Buy.
2025-10-20 10:08:31,699 [INFO] Buy Triggered for NSE:TATAMOTORS-EQ SETUP at 2025-10-20 10:05
2025-10-20 10:08:31,699 [INFO] Final SL: 1.05, Final Target: 403.00
2025-10-20 10:08:31,699 [INFO] Calculated order quantity for NSE:TATAMOTORS-EQ: 95 shares based on CAPITAL_PER_TRADE: 100 and stock price: 399.7
2025-10-20 10:08:31,707 [INFO] Cannot trade NSE:TATAMOTORS-EQ as it has already been traded within 10 minutes.
2025-10-20 10:08:31,707 [INFO] Cannot trade NSE:TATAMOTORS-EQ as it has already been traded twice today or it has been recently traded 10 mins ago.
2025-10-20 10:08:31,707 [INFO] TAMO trade executed successfully at 2025-10-20 10:05
2025-10-20 10:08:31,707 [INFO] Reason for not placing the TAMO trade: [Errno 2] No such file or directory: 'tradingsetup/tamo.txt'
2025-10-20 10:08:31,710 [INFO] Error in trade logic: 
 Traceback (most recent call last):
  File "D:\Datascience\trading_setup\src\tradingsetup\trade_logic\trade_executor.py", line 72, in apply_tamo_trade_logic
    with open("tradingsetup/tamo.txt", "w") as f:
         ^^^^^^^^^^^^^^^^^^^^^^^^^^^^^^^^^^
FileNotFoundError: [Errno 2] No such file or directory: 'tradingsetup/tamo.txt'

During handling of the above exception, another exception occurred:

Traceback (most recent call last):
  File "D:\Datascience\trading_setup\main.py", line 131, in main
    apply_tamo_trade_logic(fyers)
  File "D:\Datascience\trading_setup\src\tradingsetup\trade_logic\trade_executor.py", line 78, in apply_tamo_trade_logic
    with open("tradingsetup/tamo.txt", "w") as f:
         ^^^^^^^^^^^^^^^^^^^^^^^^^^^^^^^^^^
FileNotFoundError: [Errno 2] No such file or directory: 'tradingsetup/tamo.txt'

2025-10-20 10:08:41,713 [INFO] Heartbeat: Checking for trade setups at 2025-10-20 10:08:41
2025-10-20 10:08:41,713 [INFO] Fetching candles for NSE:TATAMOTORS-EQ...
2025-10-20 10:08:42,431 [INFO] Trigger candle found for 10:00 - High: 399.7, Low: 398.65
2025-10-20 10:08:42,433 [INFO] Candle 10:00 evaluated. High: 399.7, Low: 398.65
2025-10-20 10:08:42,433 [INFO] No breakout yet. Watching further candles...
2025-10-20 10:08:42,433 [INFO] Candle 10:05 evaluated. High: 399.85, Low: 399.45
2025-10-20 10:08:42,433 [INFO] Trade signal evaluated as Buy.
2025-10-20 10:08:42,433 [INFO] Buy Triggered for NSE:TATAMOTORS-EQ SETUP at 2025-10-20 10:05
2025-10-20 10:08:42,433 [INFO] Final SL: 1.05, Final Target: 403.00
2025-10-20 10:08:42,433 [INFO] Calculated order quantity for NSE:TATAMOTORS-EQ: 95 shares based on CAPITAL_PER_TRADE: 100 and stock price: 399.7
2025-10-20 10:08:42,444 [INFO] Cannot trade NSE:TATAMOTORS-EQ as it has already been traded within 10 minutes.
2025-10-20 10:08:42,446 [INFO] Cannot trade NSE:TATAMOTORS-EQ as it has already been traded twice today or it has been recently traded 10 mins ago.
2025-10-20 10:08:42,450 [INFO] TAMO trade executed successfully at 2025-10-20 10:05
2025-10-20 10:08:42,452 [INFO] Reason for not placing the TAMO trade: [Errno 2] No such file or directory: 'tradingsetup/tamo.txt'
2025-10-20 10:08:42,459 [INFO] Error in trade logic: 
 Traceback (most recent call last):
  File "D:\Datascience\trading_setup\src\tradingsetup\trade_logic\trade_executor.py", line 72, in apply_tamo_trade_logic
    with open("tradingsetup/tamo.txt", "w") as f:
         ^^^^^^^^^^^^^^^^^^^^^^^^^^^^^^^^^^
FileNotFoundError: [Errno 2] No such file or directory: 'tradingsetup/tamo.txt'

During handling of the above exception, another exception occurred:

Traceback (most recent call last):
  File "D:\Datascience\trading_setup\main.py", line 131, in main
    apply_tamo_trade_logic(fyers)
  File "D:\Datascience\trading_setup\src\tradingsetup\trade_logic\trade_executor.py", line 78, in apply_tamo_trade_logic
    with open("tradingsetup/tamo.txt", "w") as f:
         ^^^^^^^^^^^^^^^^^^^^^^^^^^^^^^^^^^
FileNotFoundError: [Errno 2] No such file or directory: 'tradingsetup/tamo.txt'

2025-10-20 10:08:52,461 [INFO] Heartbeat: Checking for trade setups at 2025-10-20 10:08:52
2025-10-20 10:08:52,461 [INFO] Fetching candles for NSE:TATAMOTORS-EQ...
2025-10-20 10:08:53,083 [INFO] Trigger candle found for 10:00 - High: 399.7, Low: 398.65
2025-10-20 10:08:53,083 [INFO] Candle 10:00 evaluated. High: 399.7, Low: 398.65
2025-10-20 10:08:53,083 [INFO] No breakout yet. Watching further candles...
2025-10-20 10:08:53,083 [INFO] Candle 10:05 evaluated. High: 399.85, Low: 399.45
2025-10-20 10:08:53,083 [INFO] Trade signal evaluated as Buy.
2025-10-20 10:08:53,089 [INFO] Buy Triggered for NSE:TATAMOTORS-EQ SETUP at 2025-10-20 10:05
2025-10-20 10:08:53,089 [INFO] Final SL: 1.05, Final Target: 403.00
2025-10-20 10:08:53,089 [INFO] Calculated order quantity for NSE:TATAMOTORS-EQ: 95 shares based on CAPITAL_PER_TRADE: 100 and stock price: 399.7
2025-10-20 10:08:53,096 [INFO] Cannot trade NSE:TATAMOTORS-EQ as it has already been traded within 10 minutes.
2025-10-20 10:08:53,096 [INFO] Cannot trade NSE:TATAMOTORS-EQ as it has already been traded twice today or it has been recently traded 10 mins ago.
2025-10-20 10:08:53,097 [INFO] TAMO trade executed successfully at 2025-10-20 10:05
2025-10-20 10:08:53,097 [INFO] Reason for not placing the TAMO trade: [Errno 2] No such file or directory: 'tradingsetup/tamo.txt'
2025-10-20 10:08:53,100 [INFO] Error in trade logic: 
 Traceback (most recent call last):
  File "D:\Datascience\trading_setup\src\tradingsetup\trade_logic\trade_executor.py", line 72, in apply_tamo_trade_logic
    with open("tradingsetup/tamo.txt", "w") as f:
         ^^^^^^^^^^^^^^^^^^^^^^^^^^^^^^^^^^
FileNotFoundError: [Errno 2] No such file or directory: 'tradingsetup/tamo.txt'

During handling of the above exception, another exception occurred:

Traceback (most recent call last):
  File "D:\Datascience\trading_setup\main.py", line 131, in main
    apply_tamo_trade_logic(fyers)
  File "D:\Datascience\trading_setup\src\tradingsetup\trade_logic\trade_executor.py", line 78, in apply_tamo_trade_logic
    with open("tradingsetup/tamo.txt", "w") as f:
         ^^^^^^^^^^^^^^^^^^^^^^^^^^^^^^^^^^
FileNotFoundError: [Errno 2] No such file or directory: 'tradingsetup/tamo.txt'

